The target system is: Generic -  - arm
The host system is: Linux - 5.4.0-107-generic - x86_64
Compiling the C compiler identification source file "CMakeCCompilerId.c" succeeded.
Compiler: /home/tmduser/yocto_toradex/user_sources/cortex_m4/toolchain/gcc-arm-none-eabi-4_9-2015q3//bin/arm-none-eabi-gcc 
Build flags: --specs=nosys.specs
Id flags:  

The output was:
0


Compilation of the C compiler identification source "CMakeCCompilerId.c" produced "a.out"

The C compiler identification is GNU, found in "/home/tmduser/yocto_toradex/user_sources/cortex_m4/freeRtos/freertos-colibri-imx7/examples/imx7_colibri_m4/demo_apps/blinking_imx_demo/armgcc/release/CMakeFiles/3.10.2/CompilerIdC/a.out"

Compiling the CXX compiler identification source file "CMakeCXXCompilerId.cpp" succeeded.
Compiler: /home/tmduser/yocto_toradex/user_sources/cortex_m4/toolchain/gcc-arm-none-eabi-4_9-2015q3//bin/arm-none-eabi-g++ 
Build flags: --specs=nosys.specs
Id flags:  

The output was:
0


Compilation of the CXX compiler identification source "CMakeCXXCompilerId.cpp" produced "a.out"

The CXX compiler identification is GNU, found in "/home/tmduser/yocto_toradex/user_sources/cortex_m4/freeRtos/freertos-colibri-imx7/examples/imx7_colibri_m4/demo_apps/blinking_imx_demo/armgcc/release/CMakeFiles/3.10.2/CompilerIdCXX/a.out"

Determining if the C compiler works passed with the following output:
Change Dir: /home/tmduser/yocto_toradex/user_sources/cortex_m4/freeRtos/freertos-colibri-imx7/examples/imx7_colibri_m4/demo_apps/blinking_imx_demo/armgcc/release/CMakeFiles/CMakeTmp

Run Build Command:"/usr/bin/make" "cmTC_f90f9/fast"
/usr/bin/make -f CMakeFiles/cmTC_f90f9.dir/build.make CMakeFiles/cmTC_f90f9.dir/build
make[1]: Entering directory '/home/tmduser/yocto_toradex/user_sources/cortex_m4/freeRtos/freertos-colibri-imx7/examples/imx7_colibri_m4/demo_apps/blinking_imx_demo/armgcc/release/CMakeFiles/CMakeTmp'
Building C object CMakeFiles/cmTC_f90f9.dir/testCCompiler.c.obj
/home/tmduser/yocto_toradex/user_sources/cortex_m4/toolchain/gcc-arm-none-eabi-4_9-2015q3//bin/arm-none-eabi-gcc   --specs=nosys.specs    -o CMakeFiles/cmTC_f90f9.dir/testCCompiler.c.obj   -c /home/tmduser/yocto_toradex/user_sources/cortex_m4/freeRtos/freertos-colibri-imx7/examples/imx7_colibri_m4/demo_apps/blinking_imx_demo/armgcc/release/CMakeFiles/CMakeTmp/testCCompiler.c
Linking C executable cmTC_f90f9
/usr/bin/cmake -E cmake_link_script CMakeFiles/cmTC_f90f9.dir/link.txt --verbose=1
/home/tmduser/yocto_toradex/user_sources/cortex_m4/toolchain/gcc-arm-none-eabi-4_9-2015q3//bin/arm-none-eabi-gcc --specs=nosys.specs     CMakeFiles/cmTC_f90f9.dir/testCCompiler.c.obj  -o cmTC_f90f9 
make[1]: Leaving directory '/home/tmduser/yocto_toradex/user_sources/cortex_m4/freeRtos/freertos-colibri-imx7/examples/imx7_colibri_m4/demo_apps/blinking_imx_demo/armgcc/release/CMakeFiles/CMakeTmp'


Detecting C compiler ABI info compiled with the following output:
Change Dir: /home/tmduser/yocto_toradex/user_sources/cortex_m4/freeRtos/freertos-colibri-imx7/examples/imx7_colibri_m4/demo_apps/blinking_imx_demo/armgcc/release/CMakeFiles/CMakeTmp

Run Build Command:"/usr/bin/make" "cmTC_686fb/fast"
/usr/bin/make -f CMakeFiles/cmTC_686fb.dir/build.make CMakeFiles/cmTC_686fb.dir/build
make[1]: Entering directory '/home/tmduser/yocto_toradex/user_sources/cortex_m4/freeRtos/freertos-colibri-imx7/examples/imx7_colibri_m4/demo_apps/blinking_imx_demo/armgcc/release/CMakeFiles/CMakeTmp'
Building C object CMakeFiles/cmTC_686fb.dir/CMakeCCompilerABI.c.obj
/home/tmduser/yocto_toradex/user_sources/cortex_m4/toolchain/gcc-arm-none-eabi-4_9-2015q3//bin/arm-none-eabi-gcc   --specs=nosys.specs    -o CMakeFiles/cmTC_686fb.dir/CMakeCCompilerABI.c.obj   -c /usr/share/cmake-3.10/Modules/CMakeCCompilerABI.c
Linking C executable cmTC_686fb
/usr/bin/cmake -E cmake_link_script CMakeFiles/cmTC_686fb.dir/link.txt --verbose=1
/home/tmduser/yocto_toradex/user_sources/cortex_m4/toolchain/gcc-arm-none-eabi-4_9-2015q3//bin/arm-none-eabi-gcc --specs=nosys.specs    -v CMakeFiles/cmTC_686fb.dir/CMakeCCompilerABI.c.obj  -o cmTC_686fb 
Using built-in specs.
Reading specs from /home/tmduser/yocto_toradex/user_sources/cortex_m4/toolchain/gcc-arm-none-eabi-4_9-2015q3/bin/../lib/gcc/arm-none-eabi/4.9.3/../../../../arm-none-eabi/lib/nosys.specs
rename spec link_gcc_c_sequence to nosys_link_gcc_c_sequence
COLLECT_GCC=/home/tmduser/yocto_toradex/user_sources/cortex_m4/toolchain/gcc-arm-none-eabi-4_9-2015q3//bin/arm-none-eabi-gcc
COLLECT_LTO_WRAPPER=/home/tmduser/yocto_toradex/user_sources/cortex_m4/toolchain/gcc-arm-none-eabi-4_9-2015q3/bin/../lib/gcc/arm-none-eabi/4.9.3/lto-wrapper
Target: arm-none-eabi
Configured with: /home/build/work/GCC-4-9-build/src/gcc/configure --target=arm-none-eabi --prefix=/home/build/work/GCC-4-9-build/install-native --libexecdir=/home/build/work/GCC-4-9-build/install-native/lib --infodir=/home/build/work/GCC-4-9-build/install-native/share/doc/gcc-arm-none-eabi/info --mandir=/home/build/work/GCC-4-9-build/install-native/share/doc/gcc-arm-none-eabi/man --htmldir=/home/build/work/GCC-4-9-build/install-native/share/doc/gcc-arm-none-eabi/html --pdfdir=/home/build/work/GCC-4-9-build/install-native/share/doc/gcc-arm-none-eabi/pdf --enable-languages=c,c++ --enable-plugins --disable-decimal-float --disable-libffi --disable-libgomp --disable-libmudflap --disable-libquadmath --disable-libssp --disable-libstdcxx-pch --disable-nls --disable-shared --disable-threads --disable-tls --with-gnu-as --with-gnu-ld --with-newlib --with-headers=yes --with-python-dir=share/gcc-arm-none-eabi --with-sysroot=/home/build/work/GCC-4-9-build/install-native/arm-none-eabi --build=i686-linux-gnu --host=i686-linux-gnu --with-gmp=/home/build/work/GCC-4-9-build/build-native/host-libs/usr --with-mpfr=/home/build/work/GCC-4-9-build/build-native/host-libs/usr --with-mpc=/home/build/work/GCC-4-9-build/build-native/host-libs/usr --with-isl=/home/build/work/GCC-4-9-build/build-native/host-libs/usr --with-cloog=/home/build/work/GCC-4-9-build/build-native/host-libs/usr --with-libelf=/home/build/work/GCC-4-9-build/build-native/host-libs/usr --with-host-libstdcxx='-static-libgcc -Wl,-Bstatic,-lstdc++,-Bdynamic -lm' --with-pkgversion='GNU Tools for ARM Embedded Processors' --with-multilib-list=armv6-m,armv7-m,armv7e-m,cortex-m7,armv7-r
Thread model: single
gcc version 4.9.3 20150529 (release) [ARM/embedded-4_9-branch revision 227977] (GNU Tools for ARM Embedded Processors) 
COMPILER_PATH=/home/tmduser/yocto_toradex/user_sources/cortex_m4/toolchain/gcc-arm-none-eabi-4_9-2015q3/bin/../lib/gcc/arm-none-eabi/4.9.3/:/home/tmduser/yocto_toradex/user_sources/cortex_m4/toolchain/gcc-arm-none-eabi-4_9-2015q3/bin/../lib/gcc/:/home/tmduser/yocto_toradex/user_sources/cortex_m4/toolchain/gcc-arm-none-eabi-4_9-2015q3/bin/../lib/gcc/arm-none-eabi/4.9.3/../../../../arm-none-eabi/bin/
LIBRARY_PATH=/home/tmduser/yocto_toradex/user_sources/cortex_m4/toolchain/gcc-arm-none-eabi-4_9-2015q3/bin/../lib/gcc/arm-none-eabi/4.9.3/:/home/tmduser/yocto_toradex/user_sources/cortex_m4/toolchain/gcc-arm-none-eabi-4_9-2015q3/bin/../lib/gcc/:/home/tmduser/yocto_toradex/user_sources/cortex_m4/toolchain/gcc-arm-none-eabi-4_9-2015q3/bin/../lib/gcc/arm-none-eabi/4.9.3/../../../../arm-none-eabi/lib/:/home/tmduser/yocto_toradex/user_sources/cortex_m4/toolchain/gcc-arm-none-eabi-4_9-2015q3/bin/../arm-none-eabi/lib/
COLLECT_GCC_OPTIONS='-specs=nosys.specs' '-v' '-o' 'cmTC_686fb'
 /home/tmduser/yocto_toradex/user_sources/cortex_m4/toolchain/gcc-arm-none-eabi-4_9-2015q3/bin/../lib/gcc/arm-none-eabi/4.9.3/collect2 -plugin /home/tmduser/yocto_toradex/user_sources/cortex_m4/toolchain/gcc-arm-none-eabi-4_9-2015q3/bin/../lib/gcc/arm-none-eabi/4.9.3/liblto_plugin.so -plugin-opt=/home/tmduser/yocto_toradex/user_sources/cortex_m4/toolchain/gcc-arm-none-eabi-4_9-2015q3/bin/../lib/gcc/arm-none-eabi/4.9.3/lto-wrapper -plugin-opt=-fresolution=/tmp/ccP6jrdD.res -plugin-opt=-pass-through=-lgcc -plugin-opt=-pass-through=-lc -plugin-opt=-pass-through=-lgcc -plugin-opt=-pass-through=-lc -plugin-opt=-pass-through=-lnosys --sysroot=/home/tmduser/yocto_toradex/user_sources/cortex_m4/toolchain/gcc-arm-none-eabi-4_9-2015q3/bin/../arm-none-eabi -X -o cmTC_686fb /home/tmduser/yocto_toradex/user_sources/cortex_m4/toolchain/gcc-arm-none-eabi-4_9-2015q3/bin/../lib/gcc/arm-none-eabi/4.9.3/crti.o /home/tmduser/yocto_toradex/user_sources/cortex_m4/toolchain/gcc-arm-none-eabi-4_9-2015q3/bin/../lib/gcc/arm-none-eabi/4.9.3/crtbegin.o /home/tmduser/yocto_toradex/user_sources/cortex_m4/toolchain/gcc-arm-none-eabi-4_9-2015q3/bin/../lib/gcc/arm-none-eabi/4.9.3/../../../../arm-none-eabi/lib/crt0.o -L/home/tmduser/yocto_toradex/user_sources/cortex_m4/toolchain/gcc-arm-none-eabi-4_9-2015q3/bin/../lib/gcc/arm-none-eabi/4.9.3 -L/home/tmduser/yocto_toradex/user_sources/cortex_m4/toolchain/gcc-arm-none-eabi-4_9-2015q3/bin/../lib/gcc -L/home/tmduser/yocto_toradex/user_sources/cortex_m4/toolchain/gcc-arm-none-eabi-4_9-2015q3/bin/../lib/gcc/arm-none-eabi/4.9.3/../../../../arm-none-eabi/lib -L/home/tmduser/yocto_toradex/user_sources/cortex_m4/toolchain/gcc-arm-none-eabi-4_9-2015q3/bin/../arm-none-eabi/lib CMakeFiles/cmTC_686fb.dir/CMakeCCompilerABI.c.obj --start-group -lgcc -lc --end-group --start-group -lgcc -lc -lnosys --end-group /home/tmduser/yocto_toradex/user_sources/cortex_m4/toolchain/gcc-arm-none-eabi-4_9-2015q3/bin/../lib/gcc/arm-none-eabi/4.9.3/crtend.o /home/tmduser/yocto_toradex/user_sources/cortex_m4/toolchain/gcc-arm-none-eabi-4_9-2015q3/bin/../lib/gcc/arm-none-eabi/4.9.3/crtn.o
make[1]: Leaving directory '/home/tmduser/yocto_toradex/user_sources/cortex_m4/freeRtos/freertos-colibri-imx7/examples/imx7_colibri_m4/demo_apps/blinking_imx_demo/armgcc/release/CMakeFiles/CMakeTmp'


Parsed C implicit link information from above output:
  link line regex: [^( *|.*[/\])(arm-none-eabi-ld|CMAKE_LINK_STARTFILE-NOTFOUND|([^/\]+-)?ld|collect2)[^/\]*( |$)]
  ignore line: [Change Dir: /home/tmduser/yocto_toradex/user_sources/cortex_m4/freeRtos/freertos-colibri-imx7/examples/imx7_colibri_m4/demo_apps/blinking_imx_demo/armgcc/release/CMakeFiles/CMakeTmp]
  ignore line: []
  ignore line: [Run Build Command:"/usr/bin/make" "cmTC_686fb/fast"]
  ignore line: [/usr/bin/make -f CMakeFiles/cmTC_686fb.dir/build.make CMakeFiles/cmTC_686fb.dir/build]
  ignore line: [make[1]: Entering directory '/home/tmduser/yocto_toradex/user_sources/cortex_m4/freeRtos/freertos-colibri-imx7/examples/imx7_colibri_m4/demo_apps/blinking_imx_demo/armgcc/release/CMakeFiles/CMakeTmp']
  ignore line: [Building C object CMakeFiles/cmTC_686fb.dir/CMakeCCompilerABI.c.obj]
  ignore line: [/home/tmduser/yocto_toradex/user_sources/cortex_m4/toolchain/gcc-arm-none-eabi-4_9-2015q3//bin/arm-none-eabi-gcc   --specs=nosys.specs    -o CMakeFiles/cmTC_686fb.dir/CMakeCCompilerABI.c.obj   -c /usr/share/cmake-3.10/Modules/CMakeCCompilerABI.c]
  ignore line: [Linking C executable cmTC_686fb]
  ignore line: [/usr/bin/cmake -E cmake_link_script CMakeFiles/cmTC_686fb.dir/link.txt --verbose=1]
  ignore line: [/home/tmduser/yocto_toradex/user_sources/cortex_m4/toolchain/gcc-arm-none-eabi-4_9-2015q3//bin/arm-none-eabi-gcc --specs=nosys.specs    -v CMakeFiles/cmTC_686fb.dir/CMakeCCompilerABI.c.obj  -o cmTC_686fb ]
  ignore line: [Using built-in specs.]
  ignore line: [Reading specs from /home/tmduser/yocto_toradex/user_sources/cortex_m4/toolchain/gcc-arm-none-eabi-4_9-2015q3/bin/../lib/gcc/arm-none-eabi/4.9.3/../../../../arm-none-eabi/lib/nosys.specs]
  ignore line: [rename spec link_gcc_c_sequence to nosys_link_gcc_c_sequence]
  ignore line: [COLLECT_GCC=/home/tmduser/yocto_toradex/user_sources/cortex_m4/toolchain/gcc-arm-none-eabi-4_9-2015q3//bin/arm-none-eabi-gcc]
  ignore line: [COLLECT_LTO_WRAPPER=/home/tmduser/yocto_toradex/user_sources/cortex_m4/toolchain/gcc-arm-none-eabi-4_9-2015q3/bin/../lib/gcc/arm-none-eabi/4.9.3/lto-wrapper]
  ignore line: [Target: arm-none-eabi]
  ignore line: [Configured with: /home/build/work/GCC-4-9-build/src/gcc/configure --target=arm-none-eabi --prefix=/home/build/work/GCC-4-9-build/install-native --libexecdir=/home/build/work/GCC-4-9-build/install-native/lib --infodir=/home/build/work/GCC-4-9-build/install-native/share/doc/gcc-arm-none-eabi/info --mandir=/home/build/work/GCC-4-9-build/install-native/share/doc/gcc-arm-none-eabi/man --htmldir=/home/build/work/GCC-4-9-build/install-native/share/doc/gcc-arm-none-eabi/html --pdfdir=/home/build/work/GCC-4-9-build/install-native/share/doc/gcc-arm-none-eabi/pdf --enable-languages=c,c++ --enable-plugins --disable-decimal-float --disable-libffi --disable-libgomp --disable-libmudflap --disable-libquadmath --disable-libssp --disable-libstdcxx-pch --disable-nls --disable-shared --disable-threads --disable-tls --with-gnu-as --with-gnu-ld --with-newlib --with-headers=yes --with-python-dir=share/gcc-arm-none-eabi --with-sysroot=/home/build/work/GCC-4-9-build/install-native/arm-none-eabi --build=i686-linux-gnu --host=i686-linux-gnu --with-gmp=/home/build/work/GCC-4-9-build/build-native/host-libs/usr --with-mpfr=/home/build/work/GCC-4-9-build/build-native/host-libs/usr --with-mpc=/home/build/work/GCC-4-9-build/build-native/host-libs/usr --with-isl=/home/build/work/GCC-4-9-build/build-native/host-libs/usr --with-cloog=/home/build/work/GCC-4-9-build/build-native/host-libs/usr --with-libelf=/home/build/work/GCC-4-9-build/build-native/host-libs/usr --with-host-libstdcxx='-static-libgcc -Wl,-Bstatic,-lstdc++,-Bdynamic -lm' --with-pkgversion='GNU Tools for ARM Embedded Processors' --with-multilib-list=armv6-m,armv7-m,armv7e-m,cortex-m7,armv7-r]
  ignore line: [Thread model: single]
  ignore line: [gcc version 4.9.3 20150529 (release) [ARM/embedded-4_9-branch revision 227977] (GNU Tools for ARM Embedded Processors) ]
  ignore line: [COMPILER_PATH=/home/tmduser/yocto_toradex/user_sources/cortex_m4/toolchain/gcc-arm-none-eabi-4_9-2015q3/bin/../lib/gcc/arm-none-eabi/4.9.3/:/home/tmduser/yocto_toradex/user_sources/cortex_m4/toolchain/gcc-arm-none-eabi-4_9-2015q3/bin/../lib/gcc/:/home/tmduser/yocto_toradex/user_sources/cortex_m4/toolchain/gcc-arm-none-eabi-4_9-2015q3/bin/../lib/gcc/arm-none-eabi/4.9.3/../../../../arm-none-eabi/bin/]
  ignore line: [LIBRARY_PATH=/home/tmduser/yocto_toradex/user_sources/cortex_m4/toolchain/gcc-arm-none-eabi-4_9-2015q3/bin/../lib/gcc/arm-none-eabi/4.9.3/:/home/tmduser/yocto_toradex/user_sources/cortex_m4/toolchain/gcc-arm-none-eabi-4_9-2015q3/bin/../lib/gcc/:/home/tmduser/yocto_toradex/user_sources/cortex_m4/toolchain/gcc-arm-none-eabi-4_9-2015q3/bin/../lib/gcc/arm-none-eabi/4.9.3/../../../../arm-none-eabi/lib/:/home/tmduser/yocto_toradex/user_sources/cortex_m4/toolchain/gcc-arm-none-eabi-4_9-2015q3/bin/../arm-none-eabi/lib/]
  ignore line: [COLLECT_GCC_OPTIONS='-specs=nosys.specs' '-v' '-o' 'cmTC_686fb']
  link line: [ /home/tmduser/yocto_toradex/user_sources/cortex_m4/toolchain/gcc-arm-none-eabi-4_9-2015q3/bin/../lib/gcc/arm-none-eabi/4.9.3/collect2 -plugin /home/tmduser/yocto_toradex/user_sources/cortex_m4/toolchain/gcc-arm-none-eabi-4_9-2015q3/bin/../lib/gcc/arm-none-eabi/4.9.3/liblto_plugin.so -plugin-opt=/home/tmduser/yocto_toradex/user_sources/cortex_m4/toolchain/gcc-arm-none-eabi-4_9-2015q3/bin/../lib/gcc/arm-none-eabi/4.9.3/lto-wrapper -plugin-opt=-fresolution=/tmp/ccP6jrdD.res -plugin-opt=-pass-through=-lgcc -plugin-opt=-pass-through=-lc -plugin-opt=-pass-through=-lgcc -plugin-opt=-pass-through=-lc -plugin-opt=-pass-through=-lnosys --sysroot=/home/tmduser/yocto_toradex/user_sources/cortex_m4/toolchain/gcc-arm-none-eabi-4_9-2015q3/bin/../arm-none-eabi -X -o cmTC_686fb /home/tmduser/yocto_toradex/user_sources/cortex_m4/toolchain/gcc-arm-none-eabi-4_9-2015q3/bin/../lib/gcc/arm-none-eabi/4.9.3/crti.o /home/tmduser/yocto_toradex/user_sources/cortex_m4/toolchain/gcc-arm-none-eabi-4_9-2015q3/bin/../lib/gcc/arm-none-eabi/4.9.3/crtbegin.o /home/tmduser/yocto_toradex/user_sources/cortex_m4/toolchain/gcc-arm-none-eabi-4_9-2015q3/bin/../lib/gcc/arm-none-eabi/4.9.3/../../../../arm-none-eabi/lib/crt0.o -L/home/tmduser/yocto_toradex/user_sources/cortex_m4/toolchain/gcc-arm-none-eabi-4_9-2015q3/bin/../lib/gcc/arm-none-eabi/4.9.3 -L/home/tmduser/yocto_toradex/user_sources/cortex_m4/toolchain/gcc-arm-none-eabi-4_9-2015q3/bin/../lib/gcc -L/home/tmduser/yocto_toradex/user_sources/cortex_m4/toolchain/gcc-arm-none-eabi-4_9-2015q3/bin/../lib/gcc/arm-none-eabi/4.9.3/../../../../arm-none-eabi/lib -L/home/tmduser/yocto_toradex/user_sources/cortex_m4/toolchain/gcc-arm-none-eabi-4_9-2015q3/bin/../arm-none-eabi/lib CMakeFiles/cmTC_686fb.dir/CMakeCCompilerABI.c.obj --start-group -lgcc -lc --end-group --start-group -lgcc -lc -lnosys --end-group /home/tmduser/yocto_toradex/user_sources/cortex_m4/toolchain/gcc-arm-none-eabi-4_9-2015q3/bin/../lib/gcc/arm-none-eabi/4.9.3/crtend.o /home/tmduser/yocto_toradex/user_sources/cortex_m4/toolchain/gcc-arm-none-eabi-4_9-2015q3/bin/../lib/gcc/arm-none-eabi/4.9.3/crtn.o]
    arg [/home/tmduser/yocto_toradex/user_sources/cortex_m4/toolchain/gcc-arm-none-eabi-4_9-2015q3/bin/../lib/gcc/arm-none-eabi/4.9.3/collect2] ==> ignore
    arg [-plugin] ==> ignore
    arg [/home/tmduser/yocto_toradex/user_sources/cortex_m4/toolchain/gcc-arm-none-eabi-4_9-2015q3/bin/../lib/gcc/arm-none-eabi/4.9.3/liblto_plugin.so] ==> ignore
    arg [-plugin-opt=/home/tmduser/yocto_toradex/user_sources/cortex_m4/toolchain/gcc-arm-none-eabi-4_9-2015q3/bin/../lib/gcc/arm-none-eabi/4.9.3/lto-wrapper] ==> ignore
    arg [-plugin-opt=-fresolution=/tmp/ccP6jrdD.res] ==> ignore
    arg [-plugin-opt=-pass-through=-lgcc] ==> ignore
    arg [-plugin-opt=-pass-through=-lc] ==> ignore
    arg [-plugin-opt=-pass-through=-lgcc] ==> ignore
    arg [-plugin-opt=-pass-through=-lc] ==> ignore
    arg [-plugin-opt=-pass-through=-lnosys] ==> ignore
    arg [--sysroot=/home/tmduser/yocto_toradex/user_sources/cortex_m4/toolchain/gcc-arm-none-eabi-4_9-2015q3/bin/../arm-none-eabi] ==> ignore
    arg [-X] ==> ignore
    arg [-o] ==> ignore
    arg [cmTC_686fb] ==> ignore
    arg [/home/tmduser/yocto_toradex/user_sources/cortex_m4/toolchain/gcc-arm-none-eabi-4_9-2015q3/bin/../lib/gcc/arm-none-eabi/4.9.3/crti.o] ==> ignore
    arg [/home/tmduser/yocto_toradex/user_sources/cortex_m4/toolchain/gcc-arm-none-eabi-4_9-2015q3/bin/../lib/gcc/arm-none-eabi/4.9.3/crtbegin.o] ==> ignore
    arg [/home/tmduser/yocto_toradex/user_sources/cortex_m4/toolchain/gcc-arm-none-eabi-4_9-2015q3/bin/../lib/gcc/arm-none-eabi/4.9.3/../../../../arm-none-eabi/lib/crt0.o] ==> ignore
    arg [-L/home/tmduser/yocto_toradex/user_sources/cortex_m4/toolchain/gcc-arm-none-eabi-4_9-2015q3/bin/../lib/gcc/arm-none-eabi/4.9.3] ==> dir [/home/tmduser/yocto_toradex/user_sources/cortex_m4/toolchain/gcc-arm-none-eabi-4_9-2015q3/bin/../lib/gcc/arm-none-eabi/4.9.3]
    arg [-L/home/tmduser/yocto_toradex/user_sources/cortex_m4/toolchain/gcc-arm-none-eabi-4_9-2015q3/bin/../lib/gcc] ==> dir [/home/tmduser/yocto_toradex/user_sources/cortex_m4/toolchain/gcc-arm-none-eabi-4_9-2015q3/bin/../lib/gcc]
    arg [-L/home/tmduser/yocto_toradex/user_sources/cortex_m4/toolchain/gcc-arm-none-eabi-4_9-2015q3/bin/../lib/gcc/arm-none-eabi/4.9.3/../../../../arm-none-eabi/lib] ==> dir [/home/tmduser/yocto_toradex/user_sources/cortex_m4/toolchain/gcc-arm-none-eabi-4_9-2015q3/bin/../lib/gcc/arm-none-eabi/4.9.3/../../../../arm-none-eabi/lib]
    arg [-L/home/tmduser/yocto_toradex/user_sources/cortex_m4/toolchain/gcc-arm-none-eabi-4_9-2015q3/bin/../arm-none-eabi/lib] ==> dir [/home/tmduser/yocto_toradex/user_sources/cortex_m4/toolchain/gcc-arm-none-eabi-4_9-2015q3/bin/../arm-none-eabi/lib]
    arg [CMakeFiles/cmTC_686fb.dir/CMakeCCompilerABI.c.obj] ==> ignore
    arg [--start-group] ==> ignore
    arg [-lgcc] ==> lib [gcc]
    arg [-lc] ==> lib [c]
    arg [--end-group] ==> ignore
    arg [--start-group] ==> ignore
    arg [-lgcc] ==> lib [gcc]
    arg [-lc] ==> lib [c]
    arg [-lnosys] ==> lib [nosys]
    arg [--end-group] ==> ignore
    arg [/home/tmduser/yocto_toradex/user_sources/cortex_m4/toolchain/gcc-arm-none-eabi-4_9-2015q3/bin/../lib/gcc/arm-none-eabi/4.9.3/crtend.o] ==> ignore
    arg [/home/tmduser/yocto_toradex/user_sources/cortex_m4/toolchain/gcc-arm-none-eabi-4_9-2015q3/bin/../lib/gcc/arm-none-eabi/4.9.3/crtn.o] ==> ignore
  collapse library dir [/home/tmduser/yocto_toradex/user_sources/cortex_m4/toolchain/gcc-arm-none-eabi-4_9-2015q3/bin/../lib/gcc/arm-none-eabi/4.9.3] ==> [/home/tmduser/yocto_toradex/user_sources/cortex_m4/toolchain/gcc-arm-none-eabi-4_9-2015q3/lib/gcc/arm-none-eabi/4.9.3]
  collapse library dir [/home/tmduser/yocto_toradex/user_sources/cortex_m4/toolchain/gcc-arm-none-eabi-4_9-2015q3/bin/../lib/gcc] ==> [/home/tmduser/yocto_toradex/user_sources/cortex_m4/toolchain/gcc-arm-none-eabi-4_9-2015q3/lib/gcc]
  collapse library dir [/home/tmduser/yocto_toradex/user_sources/cortex_m4/toolchain/gcc-arm-none-eabi-4_9-2015q3/bin/../lib/gcc/arm-none-eabi/4.9.3/../../../../arm-none-eabi/lib] ==> [/home/tmduser/yocto_toradex/user_sources/cortex_m4/toolchain/gcc-arm-none-eabi-4_9-2015q3/arm-none-eabi/lib]
  collapse library dir [/home/tmduser/yocto_toradex/user_sources/cortex_m4/toolchain/gcc-arm-none-eabi-4_9-2015q3/bin/../arm-none-eabi/lib] ==> [/home/tmduser/yocto_toradex/user_sources/cortex_m4/toolchain/gcc-arm-none-eabi-4_9-2015q3/arm-none-eabi/lib]
  implicit libs: [gcc;c;gcc;c;nosys]
  implicit dirs: [/home/tmduser/yocto_toradex/user_sources/cortex_m4/toolchain/gcc-arm-none-eabi-4_9-2015q3/lib/gcc/arm-none-eabi/4.9.3;/home/tmduser/yocto_toradex/user_sources/cortex_m4/toolchain/gcc-arm-none-eabi-4_9-2015q3/lib/gcc;/home/tmduser/yocto_toradex/user_sources/cortex_m4/toolchain/gcc-arm-none-eabi-4_9-2015q3/arm-none-eabi/lib]
  implicit fwks: []




Detecting C [-std=c11] compiler features compiled with the following output:
Change Dir: /home/tmduser/yocto_toradex/user_sources/cortex_m4/freeRtos/freertos-colibri-imx7/examples/imx7_colibri_m4/demo_apps/blinking_imx_demo/armgcc/release/CMakeFiles/CMakeTmp

Run Build Command:"/usr/bin/make" "cmTC_282b8/fast"
/usr/bin/make -f CMakeFiles/cmTC_282b8.dir/build.make CMakeFiles/cmTC_282b8.dir/build
make[1]: Entering directory '/home/tmduser/yocto_toradex/user_sources/cortex_m4/freeRtos/freertos-colibri-imx7/examples/imx7_colibri_m4/demo_apps/blinking_imx_demo/armgcc/release/CMakeFiles/CMakeTmp'
Building C object CMakeFiles/cmTC_282b8.dir/feature_tests.c.obj
/home/tmduser/yocto_toradex/user_sources/cortex_m4/toolchain/gcc-arm-none-eabi-4_9-2015q3//bin/arm-none-eabi-gcc   --specs=nosys.specs    -std=c11 -o CMakeFiles/cmTC_282b8.dir/feature_tests.c.obj   -c /home/tmduser/yocto_toradex/user_sources/cortex_m4/freeRtos/freertos-colibri-imx7/examples/imx7_colibri_m4/demo_apps/blinking_imx_demo/armgcc/release/CMakeFiles/feature_tests.c
Linking C executable cmTC_282b8
/usr/bin/cmake -E cmake_link_script CMakeFiles/cmTC_282b8.dir/link.txt --verbose=1
/home/tmduser/yocto_toradex/user_sources/cortex_m4/toolchain/gcc-arm-none-eabi-4_9-2015q3//bin/arm-none-eabi-gcc --specs=nosys.specs     CMakeFiles/cmTC_282b8.dir/feature_tests.c.obj  -o cmTC_282b8 
make[1]: Leaving directory '/home/tmduser/yocto_toradex/user_sources/cortex_m4/freeRtos/freertos-colibri-imx7/examples/imx7_colibri_m4/demo_apps/blinking_imx_demo/armgcc/release/CMakeFiles/CMakeTmp'


    Feature record: C_FEATURE:1c_function_prototypes
    Feature record: C_FEATURE:1c_restrict
    Feature record: C_FEATURE:1c_static_assert
    Feature record: C_FEATURE:1c_variadic_macros


Detecting C [-std=c99] compiler features compiled with the following output:
Change Dir: /home/tmduser/yocto_toradex/user_sources/cortex_m4/freeRtos/freertos-colibri-imx7/examples/imx7_colibri_m4/demo_apps/blinking_imx_demo/armgcc/release/CMakeFiles/CMakeTmp

Run Build Command:"/usr/bin/make" "cmTC_47478/fast"
/usr/bin/make -f CMakeFiles/cmTC_47478.dir/build.make CMakeFiles/cmTC_47478.dir/build
make[1]: Entering directory '/home/tmduser/yocto_toradex/user_sources/cortex_m4/freeRtos/freertos-colibri-imx7/examples/imx7_colibri_m4/demo_apps/blinking_imx_demo/armgcc/release/CMakeFiles/CMakeTmp'
Building C object CMakeFiles/cmTC_47478.dir/feature_tests.c.obj
/home/tmduser/yocto_toradex/user_sources/cortex_m4/toolchain/gcc-arm-none-eabi-4_9-2015q3//bin/arm-none-eabi-gcc   --specs=nosys.specs    -std=c99 -o CMakeFiles/cmTC_47478.dir/feature_tests.c.obj   -c /home/tmduser/yocto_toradex/user_sources/cortex_m4/freeRtos/freertos-colibri-imx7/examples/imx7_colibri_m4/demo_apps/blinking_imx_demo/armgcc/release/CMakeFiles/feature_tests.c
Linking C executable cmTC_47478
/usr/bin/cmake -E cmake_link_script CMakeFiles/cmTC_47478.dir/link.txt --verbose=1
/home/tmduser/yocto_toradex/user_sources/cortex_m4/toolchain/gcc-arm-none-eabi-4_9-2015q3//bin/arm-none-eabi-gcc --specs=nosys.specs     CMakeFiles/cmTC_47478.dir/feature_tests.c.obj  -o cmTC_47478 
make[1]: Leaving directory '/home/tmduser/yocto_toradex/user_sources/cortex_m4/freeRtos/freertos-colibri-imx7/examples/imx7_colibri_m4/demo_apps/blinking_imx_demo/armgcc/release/CMakeFiles/CMakeTmp'


    Feature record: C_FEATURE:1c_function_prototypes
    Feature record: C_FEATURE:1c_restrict
    Feature record: C_FEATURE:0c_static_assert
    Feature record: C_FEATURE:1c_variadic_macros


Detecting C [-std=c90] compiler features compiled with the following output:
Change Dir: /home/tmduser/yocto_toradex/user_sources/cortex_m4/freeRtos/freertos-colibri-imx7/examples/imx7_colibri_m4/demo_apps/blinking_imx_demo/armgcc/release/CMakeFiles/CMakeTmp

Run Build Command:"/usr/bin/make" "cmTC_a0edc/fast"
/usr/bin/make -f CMakeFiles/cmTC_a0edc.dir/build.make CMakeFiles/cmTC_a0edc.dir/build
make[1]: Entering directory '/home/tmduser/yocto_toradex/user_sources/cortex_m4/freeRtos/freertos-colibri-imx7/examples/imx7_colibri_m4/demo_apps/blinking_imx_demo/armgcc/release/CMakeFiles/CMakeTmp'
Building C object CMakeFiles/cmTC_a0edc.dir/feature_tests.c.obj
/home/tmduser/yocto_toradex/user_sources/cortex_m4/toolchain/gcc-arm-none-eabi-4_9-2015q3//bin/arm-none-eabi-gcc   --specs=nosys.specs    -std=c90 -o CMakeFiles/cmTC_a0edc.dir/feature_tests.c.obj   -c /home/tmduser/yocto_toradex/user_sources/cortex_m4/freeRtos/freertos-colibri-imx7/examples/imx7_colibri_m4/demo_apps/blinking_imx_demo/armgcc/release/CMakeFiles/feature_tests.c
Linking C executable cmTC_a0edc
/usr/bin/cmake -E cmake_link_script CMakeFiles/cmTC_a0edc.dir/link.txt --verbose=1
/home/tmduser/yocto_toradex/user_sources/cortex_m4/toolchain/gcc-arm-none-eabi-4_9-2015q3//bin/arm-none-eabi-gcc --specs=nosys.specs     CMakeFiles/cmTC_a0edc.dir/feature_tests.c.obj  -o cmTC_a0edc 
make[1]: Leaving directory '/home/tmduser/yocto_toradex/user_sources/cortex_m4/freeRtos/freertos-colibri-imx7/examples/imx7_colibri_m4/demo_apps/blinking_imx_demo/armgcc/release/CMakeFiles/CMakeTmp'


    Feature record: C_FEATURE:1c_function_prototypes
    Feature record: C_FEATURE:0c_restrict
    Feature record: C_FEATURE:0c_static_assert
    Feature record: C_FEATURE:0c_variadic_macros
Determining if the CXX compiler works passed with the following output:
Change Dir: /home/tmduser/yocto_toradex/user_sources/cortex_m4/freeRtos/freertos-colibri-imx7/examples/imx7_colibri_m4/demo_apps/blinking_imx_demo/armgcc/release/CMakeFiles/CMakeTmp

Run Build Command:"/usr/bin/make" "cmTC_3e216/fast"
/usr/bin/make -f CMakeFiles/cmTC_3e216.dir/build.make CMakeFiles/cmTC_3e216.dir/build
make[1]: Entering directory '/home/tmduser/yocto_toradex/user_sources/cortex_m4/freeRtos/freertos-colibri-imx7/examples/imx7_colibri_m4/demo_apps/blinking_imx_demo/armgcc/release/CMakeFiles/CMakeTmp'
Building CXX object CMakeFiles/cmTC_3e216.dir/testCXXCompiler.cxx.obj
/home/tmduser/yocto_toradex/user_sources/cortex_m4/toolchain/gcc-arm-none-eabi-4_9-2015q3//bin/arm-none-eabi-g++    --specs=nosys.specs    -o CMakeFiles/cmTC_3e216.dir/testCXXCompiler.cxx.obj -c /home/tmduser/yocto_toradex/user_sources/cortex_m4/freeRtos/freertos-colibri-imx7/examples/imx7_colibri_m4/demo_apps/blinking_imx_demo/armgcc/release/CMakeFiles/CMakeTmp/testCXXCompiler.cxx
Linking CXX executable cmTC_3e216
/usr/bin/cmake -E cmake_link_script CMakeFiles/cmTC_3e216.dir/link.txt --verbose=1
/home/tmduser/yocto_toradex/user_sources/cortex_m4/toolchain/gcc-arm-none-eabi-4_9-2015q3//bin/arm-none-eabi-g++  --specs=nosys.specs     CMakeFiles/cmTC_3e216.dir/testCXXCompiler.cxx.obj  -o cmTC_3e216 
make[1]: Leaving directory '/home/tmduser/yocto_toradex/user_sources/cortex_m4/freeRtos/freertos-colibri-imx7/examples/imx7_colibri_m4/demo_apps/blinking_imx_demo/armgcc/release/CMakeFiles/CMakeTmp'


Detecting CXX compiler ABI info compiled with the following output:
Change Dir: /home/tmduser/yocto_toradex/user_sources/cortex_m4/freeRtos/freertos-colibri-imx7/examples/imx7_colibri_m4/demo_apps/blinking_imx_demo/armgcc/release/CMakeFiles/CMakeTmp

Run Build Command:"/usr/bin/make" "cmTC_ca2c7/fast"
/usr/bin/make -f CMakeFiles/cmTC_ca2c7.dir/build.make CMakeFiles/cmTC_ca2c7.dir/build
make[1]: Entering directory '/home/tmduser/yocto_toradex/user_sources/cortex_m4/freeRtos/freertos-colibri-imx7/examples/imx7_colibri_m4/demo_apps/blinking_imx_demo/armgcc/release/CMakeFiles/CMakeTmp'
Building CXX object CMakeFiles/cmTC_ca2c7.dir/CMakeCXXCompilerABI.cpp.obj
/home/tmduser/yocto_toradex/user_sources/cortex_m4/toolchain/gcc-arm-none-eabi-4_9-2015q3//bin/arm-none-eabi-g++    --specs=nosys.specs    -o CMakeFiles/cmTC_ca2c7.dir/CMakeCXXCompilerABI.cpp.obj -c /usr/share/cmake-3.10/Modules/CMakeCXXCompilerABI.cpp
Linking CXX executable cmTC_ca2c7
/usr/bin/cmake -E cmake_link_script CMakeFiles/cmTC_ca2c7.dir/link.txt --verbose=1
/home/tmduser/yocto_toradex/user_sources/cortex_m4/toolchain/gcc-arm-none-eabi-4_9-2015q3//bin/arm-none-eabi-g++  --specs=nosys.specs    -v CMakeFiles/cmTC_ca2c7.dir/CMakeCXXCompilerABI.cpp.obj  -o cmTC_ca2c7 
Using built-in specs.
Reading specs from /home/tmduser/yocto_toradex/user_sources/cortex_m4/toolchain/gcc-arm-none-eabi-4_9-2015q3/bin/../lib/gcc/arm-none-eabi/4.9.3/../../../../arm-none-eabi/lib/nosys.specs
rename spec link_gcc_c_sequence to nosys_link_gcc_c_sequence
COLLECT_GCC=/home/tmduser/yocto_toradex/user_sources/cortex_m4/toolchain/gcc-arm-none-eabi-4_9-2015q3//bin/arm-none-eabi-g++
COLLECT_LTO_WRAPPER=/home/tmduser/yocto_toradex/user_sources/cortex_m4/toolchain/gcc-arm-none-eabi-4_9-2015q3/bin/../lib/gcc/arm-none-eabi/4.9.3/lto-wrapper
Target: arm-none-eabi
Configured with: /home/build/work/GCC-4-9-build/src/gcc/configure --target=arm-none-eabi --prefix=/home/build/work/GCC-4-9-build/install-native --libexecdir=/home/build/work/GCC-4-9-build/install-native/lib --infodir=/home/build/work/GCC-4-9-build/install-native/share/doc/gcc-arm-none-eabi/info --mandir=/home/build/work/GCC-4-9-build/install-native/share/doc/gcc-arm-none-eabi/man --htmldir=/home/build/work/GCC-4-9-build/install-native/share/doc/gcc-arm-none-eabi/html --pdfdir=/home/build/work/GCC-4-9-build/install-native/share/doc/gcc-arm-none-eabi/pdf --enable-languages=c,c++ --enable-plugins --disable-decimal-float --disable-libffi --disable-libgomp --disable-libmudflap --disable-libquadmath --disable-libssp --disable-libstdcxx-pch --disable-nls --disable-shared --disable-threads --disable-tls --with-gnu-as --with-gnu-ld --with-newlib --with-headers=yes --with-python-dir=share/gcc-arm-none-eabi --with-sysroot=/home/build/work/GCC-4-9-build/install-native/arm-none-eabi --build=i686-linux-gnu --host=i686-linux-gnu --with-gmp=/home/build/work/GCC-4-9-build/build-native/host-libs/usr --with-mpfr=/home/build/work/GCC-4-9-build/build-native/host-libs/usr --with-mpc=/home/build/work/GCC-4-9-build/build-native/host-libs/usr --with-isl=/home/build/work/GCC-4-9-build/build-native/host-libs/usr --with-cloog=/home/build/work/GCC-4-9-build/build-native/host-libs/usr --with-libelf=/home/build/work/GCC-4-9-build/build-native/host-libs/usr --with-host-libstdcxx='-static-libgcc -Wl,-Bstatic,-lstdc++,-Bdynamic -lm' --with-pkgversion='GNU Tools for ARM Embedded Processors' --with-multilib-list=armv6-m,armv7-m,armv7e-m,cortex-m7,armv7-r
Thread model: single
gcc version 4.9.3 20150529 (release) [ARM/embedded-4_9-branch revision 227977] (GNU Tools for ARM Embedded Processors) 
COMPILER_PATH=/home/tmduser/yocto_toradex/user_sources/cortex_m4/toolchain/gcc-arm-none-eabi-4_9-2015q3/bin/../lib/gcc/arm-none-eabi/4.9.3/:/home/tmduser/yocto_toradex/user_sources/cortex_m4/toolchain/gcc-arm-none-eabi-4_9-2015q3/bin/../lib/gcc/:/home/tmduser/yocto_toradex/user_sources/cortex_m4/toolchain/gcc-arm-none-eabi-4_9-2015q3/bin/../lib/gcc/arm-none-eabi/4.9.3/../../../../arm-none-eabi/bin/
LIBRARY_PATH=/home/tmduser/yocto_toradex/user_sources/cortex_m4/toolchain/gcc-arm-none-eabi-4_9-2015q3/bin/../lib/gcc/arm-none-eabi/4.9.3/:/home/tmduser/yocto_toradex/user_sources/cortex_m4/toolchain/gcc-arm-none-eabi-4_9-2015q3/bin/../lib/gcc/:/home/tmduser/yocto_toradex/user_sources/cortex_m4/toolchain/gcc-arm-none-eabi-4_9-2015q3/bin/../lib/gcc/arm-none-eabi/4.9.3/../../../../arm-none-eabi/lib/:/home/tmduser/yocto_toradex/user_sources/cortex_m4/toolchain/gcc-arm-none-eabi-4_9-2015q3/bin/../arm-none-eabi/lib/
COLLECT_GCC_OPTIONS='-specs=nosys.specs' '-v' '-o' 'cmTC_ca2c7'
 /home/tmduser/yocto_toradex/user_sources/cortex_m4/toolchain/gcc-arm-none-eabi-4_9-2015q3/bin/../lib/gcc/arm-none-eabi/4.9.3/collect2 -plugin /home/tmduser/yocto_toradex/user_sources/cortex_m4/toolchain/gcc-arm-none-eabi-4_9-2015q3/bin/../lib/gcc/arm-none-eabi/4.9.3/liblto_plugin.so -plugin-opt=/home/tmduser/yocto_toradex/user_sources/cortex_m4/toolchain/gcc-arm-none-eabi-4_9-2015q3/bin/../lib/gcc/arm-none-eabi/4.9.3/lto-wrapper -plugin-opt=-fresolution=/tmp/ccI8j3ek.res -plugin-opt=-pass-through=-lgcc -plugin-opt=-pass-through=-lc -plugin-opt=-pass-through=-lgcc -plugin-opt=-pass-through=-lc -plugin-opt=-pass-through=-lnosys --sysroot=/home/tmduser/yocto_toradex/user_sources/cortex_m4/toolchain/gcc-arm-none-eabi-4_9-2015q3/bin/../arm-none-eabi -X -o cmTC_ca2c7 /home/tmduser/yocto_toradex/user_sources/cortex_m4/toolchain/gcc-arm-none-eabi-4_9-2015q3/bin/../lib/gcc/arm-none-eabi/4.9.3/crti.o /home/tmduser/yocto_toradex/user_sources/cortex_m4/toolchain/gcc-arm-none-eabi-4_9-2015q3/bin/../lib/gcc/arm-none-eabi/4.9.3/crtbegin.o /home/tmduser/yocto_toradex/user_sources/cortex_m4/toolchain/gcc-arm-none-eabi-4_9-2015q3/bin/../lib/gcc/arm-none-eabi/4.9.3/../../../../arm-none-eabi/lib/crt0.o -L/home/tmduser/yocto_toradex/user_sources/cortex_m4/toolchain/gcc-arm-none-eabi-4_9-2015q3/bin/../lib/gcc/arm-none-eabi/4.9.3 -L/home/tmduser/yocto_toradex/user_sources/cortex_m4/toolchain/gcc-arm-none-eabi-4_9-2015q3/bin/../lib/gcc -L/home/tmduser/yocto_toradex/user_sources/cortex_m4/toolchain/gcc-arm-none-eabi-4_9-2015q3/bin/../lib/gcc/arm-none-eabi/4.9.3/../../../../arm-none-eabi/lib -L/home/tmduser/yocto_toradex/user_sources/cortex_m4/toolchain/gcc-arm-none-eabi-4_9-2015q3/bin/../arm-none-eabi/lib CMakeFiles/cmTC_ca2c7.dir/CMakeCXXCompilerABI.cpp.obj -lstdc++ -lm --start-group -lgcc -lc --end-group --start-group -lgcc -lc -lnosys --end-group /home/tmduser/yocto_toradex/user_sources/cortex_m4/toolchain/gcc-arm-none-eabi-4_9-2015q3/bin/../lib/gcc/arm-none-eabi/4.9.3/crtend.o /home/tmduser/yocto_toradex/user_sources/cortex_m4/toolchain/gcc-arm-none-eabi-4_9-2015q3/bin/../lib/gcc/arm-none-eabi/4.9.3/crtn.o
make[1]: Leaving directory '/home/tmduser/yocto_toradex/user_sources/cortex_m4/freeRtos/freertos-colibri-imx7/examples/imx7_colibri_m4/demo_apps/blinking_imx_demo/armgcc/release/CMakeFiles/CMakeTmp'


Parsed CXX implicit link information from above output:
  link line regex: [^( *|.*[/\])(arm-none-eabi-ld|CMAKE_LINK_STARTFILE-NOTFOUND|([^/\]+-)?ld|collect2)[^/\]*( |$)]
  ignore line: [Change Dir: /home/tmduser/yocto_toradex/user_sources/cortex_m4/freeRtos/freertos-colibri-imx7/examples/imx7_colibri_m4/demo_apps/blinking_imx_demo/armgcc/release/CMakeFiles/CMakeTmp]
  ignore line: []
  ignore line: [Run Build Command:"/usr/bin/make" "cmTC_ca2c7/fast"]
  ignore line: [/usr/bin/make -f CMakeFiles/cmTC_ca2c7.dir/build.make CMakeFiles/cmTC_ca2c7.dir/build]
  ignore line: [make[1]: Entering directory '/home/tmduser/yocto_toradex/user_sources/cortex_m4/freeRtos/freertos-colibri-imx7/examples/imx7_colibri_m4/demo_apps/blinking_imx_demo/armgcc/release/CMakeFiles/CMakeTmp']
  ignore line: [Building CXX object CMakeFiles/cmTC_ca2c7.dir/CMakeCXXCompilerABI.cpp.obj]
  ignore line: [/home/tmduser/yocto_toradex/user_sources/cortex_m4/toolchain/gcc-arm-none-eabi-4_9-2015q3//bin/arm-none-eabi-g++    --specs=nosys.specs    -o CMakeFiles/cmTC_ca2c7.dir/CMakeCXXCompilerABI.cpp.obj -c /usr/share/cmake-3.10/Modules/CMakeCXXCompilerABI.cpp]
  ignore line: [Linking CXX executable cmTC_ca2c7]
  ignore line: [/usr/bin/cmake -E cmake_link_script CMakeFiles/cmTC_ca2c7.dir/link.txt --verbose=1]
  ignore line: [/home/tmduser/yocto_toradex/user_sources/cortex_m4/toolchain/gcc-arm-none-eabi-4_9-2015q3//bin/arm-none-eabi-g++  --specs=nosys.specs    -v CMakeFiles/cmTC_ca2c7.dir/CMakeCXXCompilerABI.cpp.obj  -o cmTC_ca2c7 ]
  ignore line: [Using built-in specs.]
  ignore line: [Reading specs from /home/tmduser/yocto_toradex/user_sources/cortex_m4/toolchain/gcc-arm-none-eabi-4_9-2015q3/bin/../lib/gcc/arm-none-eabi/4.9.3/../../../../arm-none-eabi/lib/nosys.specs]
  ignore line: [rename spec link_gcc_c_sequence to nosys_link_gcc_c_sequence]
  ignore line: [COLLECT_GCC=/home/tmduser/yocto_toradex/user_sources/cortex_m4/toolchain/gcc-arm-none-eabi-4_9-2015q3//bin/arm-none-eabi-g++]
  ignore line: [COLLECT_LTO_WRAPPER=/home/tmduser/yocto_toradex/user_sources/cortex_m4/toolchain/gcc-arm-none-eabi-4_9-2015q3/bin/../lib/gcc/arm-none-eabi/4.9.3/lto-wrapper]
  ignore line: [Target: arm-none-eabi]
  ignore line: [Configured with: /home/build/work/GCC-4-9-build/src/gcc/configure --target=arm-none-eabi --prefix=/home/build/work/GCC-4-9-build/install-native --libexecdir=/home/build/work/GCC-4-9-build/install-native/lib --infodir=/home/build/work/GCC-4-9-build/install-native/share/doc/gcc-arm-none-eabi/info --mandir=/home/build/work/GCC-4-9-build/install-native/share/doc/gcc-arm-none-eabi/man --htmldir=/home/build/work/GCC-4-9-build/install-native/share/doc/gcc-arm-none-eabi/html --pdfdir=/home/build/work/GCC-4-9-build/install-native/share/doc/gcc-arm-none-eabi/pdf --enable-languages=c,c++ --enable-plugins --disable-decimal-float --disable-libffi --disable-libgomp --disable-libmudflap --disable-libquadmath --disable-libssp --disable-libstdcxx-pch --disable-nls --disable-shared --disable-threads --disable-tls --with-gnu-as --with-gnu-ld --with-newlib --with-headers=yes --with-python-dir=share/gcc-arm-none-eabi --with-sysroot=/home/build/work/GCC-4-9-build/install-native/arm-none-eabi --build=i686-linux-gnu --host=i686-linux-gnu --with-gmp=/home/build/work/GCC-4-9-build/build-native/host-libs/usr --with-mpfr=/home/build/work/GCC-4-9-build/build-native/host-libs/usr --with-mpc=/home/build/work/GCC-4-9-build/build-native/host-libs/usr --with-isl=/home/build/work/GCC-4-9-build/build-native/host-libs/usr --with-cloog=/home/build/work/GCC-4-9-build/build-native/host-libs/usr --with-libelf=/home/build/work/GCC-4-9-build/build-native/host-libs/usr --with-host-libstdcxx='-static-libgcc -Wl,-Bstatic,-lstdc++,-Bdynamic -lm' --with-pkgversion='GNU Tools for ARM Embedded Processors' --with-multilib-list=armv6-m,armv7-m,armv7e-m,cortex-m7,armv7-r]
  ignore line: [Thread model: single]
  ignore line: [gcc version 4.9.3 20150529 (release) [ARM/embedded-4_9-branch revision 227977] (GNU Tools for ARM Embedded Processors) ]
  ignore line: [COMPILER_PATH=/home/tmduser/yocto_toradex/user_sources/cortex_m4/toolchain/gcc-arm-none-eabi-4_9-2015q3/bin/../lib/gcc/arm-none-eabi/4.9.3/:/home/tmduser/yocto_toradex/user_sources/cortex_m4/toolchain/gcc-arm-none-eabi-4_9-2015q3/bin/../lib/gcc/:/home/tmduser/yocto_toradex/user_sources/cortex_m4/toolchain/gcc-arm-none-eabi-4_9-2015q3/bin/../lib/gcc/arm-none-eabi/4.9.3/../../../../arm-none-eabi/bin/]
  ignore line: [LIBRARY_PATH=/home/tmduser/yocto_toradex/user_sources/cortex_m4/toolchain/gcc-arm-none-eabi-4_9-2015q3/bin/../lib/gcc/arm-none-eabi/4.9.3/:/home/tmduser/yocto_toradex/user_sources/cortex_m4/toolchain/gcc-arm-none-eabi-4_9-2015q3/bin/../lib/gcc/:/home/tmduser/yocto_toradex/user_sources/cortex_m4/toolchain/gcc-arm-none-eabi-4_9-2015q3/bin/../lib/gcc/arm-none-eabi/4.9.3/../../../../arm-none-eabi/lib/:/home/tmduser/yocto_toradex/user_sources/cortex_m4/toolchain/gcc-arm-none-eabi-4_9-2015q3/bin/../arm-none-eabi/lib/]
  ignore line: [COLLECT_GCC_OPTIONS='-specs=nosys.specs' '-v' '-o' 'cmTC_ca2c7']
  link line: [ /home/tmduser/yocto_toradex/user_sources/cortex_m4/toolchain/gcc-arm-none-eabi-4_9-2015q3/bin/../lib/gcc/arm-none-eabi/4.9.3/collect2 -plugin /home/tmduser/yocto_toradex/user_sources/cortex_m4/toolchain/gcc-arm-none-eabi-4_9-2015q3/bin/../lib/gcc/arm-none-eabi/4.9.3/liblto_plugin.so -plugin-opt=/home/tmduser/yocto_toradex/user_sources/cortex_m4/toolchain/gcc-arm-none-eabi-4_9-2015q3/bin/../lib/gcc/arm-none-eabi/4.9.3/lto-wrapper -plugin-opt=-fresolution=/tmp/ccI8j3ek.res -plugin-opt=-pass-through=-lgcc -plugin-opt=-pass-through=-lc -plugin-opt=-pass-through=-lgcc -plugin-opt=-pass-through=-lc -plugin-opt=-pass-through=-lnosys --sysroot=/home/tmduser/yocto_toradex/user_sources/cortex_m4/toolchain/gcc-arm-none-eabi-4_9-2015q3/bin/../arm-none-eabi -X -o cmTC_ca2c7 /home/tmduser/yocto_toradex/user_sources/cortex_m4/toolchain/gcc-arm-none-eabi-4_9-2015q3/bin/../lib/gcc/arm-none-eabi/4.9.3/crti.o /home/tmduser/yocto_toradex/user_sources/cortex_m4/toolchain/gcc-arm-none-eabi-4_9-2015q3/bin/../lib/gcc/arm-none-eabi/4.9.3/crtbegin.o /home/tmduser/yocto_toradex/user_sources/cortex_m4/toolchain/gcc-arm-none-eabi-4_9-2015q3/bin/../lib/gcc/arm-none-eabi/4.9.3/../../../../arm-none-eabi/lib/crt0.o -L/home/tmduser/yocto_toradex/user_sources/cortex_m4/toolchain/gcc-arm-none-eabi-4_9-2015q3/bin/../lib/gcc/arm-none-eabi/4.9.3 -L/home/tmduser/yocto_toradex/user_sources/cortex_m4/toolchain/gcc-arm-none-eabi-4_9-2015q3/bin/../lib/gcc -L/home/tmduser/yocto_toradex/user_sources/cortex_m4/toolchain/gcc-arm-none-eabi-4_9-2015q3/bin/../lib/gcc/arm-none-eabi/4.9.3/../../../../arm-none-eabi/lib -L/home/tmduser/yocto_toradex/user_sources/cortex_m4/toolchain/gcc-arm-none-eabi-4_9-2015q3/bin/../arm-none-eabi/lib CMakeFiles/cmTC_ca2c7.dir/CMakeCXXCompilerABI.cpp.obj -lstdc++ -lm --start-group -lgcc -lc --end-group --start-group -lgcc -lc -lnosys --end-group /home/tmduser/yocto_toradex/user_sources/cortex_m4/toolchain/gcc-arm-none-eabi-4_9-2015q3/bin/../lib/gcc/arm-none-eabi/4.9.3/crtend.o /home/tmduser/yocto_toradex/user_sources/cortex_m4/toolchain/gcc-arm-none-eabi-4_9-2015q3/bin/../lib/gcc/arm-none-eabi/4.9.3/crtn.o]
    arg [/home/tmduser/yocto_toradex/user_sources/cortex_m4/toolchain/gcc-arm-none-eabi-4_9-2015q3/bin/../lib/gcc/arm-none-eabi/4.9.3/collect2] ==> ignore
    arg [-plugin] ==> ignore
    arg [/home/tmduser/yocto_toradex/user_sources/cortex_m4/toolchain/gcc-arm-none-eabi-4_9-2015q3/bin/../lib/gcc/arm-none-eabi/4.9.3/liblto_plugin.so] ==> ignore
    arg [-plugin-opt=/home/tmduser/yocto_toradex/user_sources/cortex_m4/toolchain/gcc-arm-none-eabi-4_9-2015q3/bin/../lib/gcc/arm-none-eabi/4.9.3/lto-wrapper] ==> ignore
    arg [-plugin-opt=-fresolution=/tmp/ccI8j3ek.res] ==> ignore
    arg [-plugin-opt=-pass-through=-lgcc] ==> ignore
    arg [-plugin-opt=-pass-through=-lc] ==> ignore
    arg [-plugin-opt=-pass-through=-lgcc] ==> ignore
    arg [-plugin-opt=-pass-through=-lc] ==> ignore
    arg [-plugin-opt=-pass-through=-lnosys] ==> ignore
    arg [--sysroot=/home/tmduser/yocto_toradex/user_sources/cortex_m4/toolchain/gcc-arm-none-eabi-4_9-2015q3/bin/../arm-none-eabi] ==> ignore
    arg [-X] ==> ignore
    arg [-o] ==> ignore
    arg [cmTC_ca2c7] ==> ignore
    arg [/home/tmduser/yocto_toradex/user_sources/cortex_m4/toolchain/gcc-arm-none-eabi-4_9-2015q3/bin/../lib/gcc/arm-none-eabi/4.9.3/crti.o] ==> ignore
    arg [/home/tmduser/yocto_toradex/user_sources/cortex_m4/toolchain/gcc-arm-none-eabi-4_9-2015q3/bin/../lib/gcc/arm-none-eabi/4.9.3/crtbegin.o] ==> ignore
    arg [/home/tmduser/yocto_toradex/user_sources/cortex_m4/toolchain/gcc-arm-none-eabi-4_9-2015q3/bin/../lib/gcc/arm-none-eabi/4.9.3/../../../../arm-none-eabi/lib/crt0.o] ==> ignore
    arg [-L/home/tmduser/yocto_toradex/user_sources/cortex_m4/toolchain/gcc-arm-none-eabi-4_9-2015q3/bin/../lib/gcc/arm-none-eabi/4.9.3] ==> dir [/home/tmduser/yocto_toradex/user_sources/cortex_m4/toolchain/gcc-arm-none-eabi-4_9-2015q3/bin/../lib/gcc/arm-none-eabi/4.9.3]
    arg [-L/home/tmduser/yocto_toradex/user_sources/cortex_m4/toolchain/gcc-arm-none-eabi-4_9-2015q3/bin/../lib/gcc] ==> dir [/home/tmduser/yocto_toradex/user_sources/cortex_m4/toolchain/gcc-arm-none-eabi-4_9-2015q3/bin/../lib/gcc]
    arg [-L/home/tmduser/yocto_toradex/user_sources/cortex_m4/toolchain/gcc-arm-none-eabi-4_9-2015q3/bin/../lib/gcc/arm-none-eabi/4.9.3/../../../../arm-none-eabi/lib] ==> dir [/home/tmduser/yocto_toradex/user_sources/cortex_m4/toolchain/gcc-arm-none-eabi-4_9-2015q3/bin/../lib/gcc/arm-none-eabi/4.9.3/../../../../arm-none-eabi/lib]
    arg [-L/home/tmduser/yocto_toradex/user_sources/cortex_m4/toolchain/gcc-arm-none-eabi-4_9-2015q3/bin/../arm-none-eabi/lib] ==> dir [/home/tmduser/yocto_toradex/user_sources/cortex_m4/toolchain/gcc-arm-none-eabi-4_9-2015q3/bin/../arm-none-eabi/lib]
    arg [CMakeFiles/cmTC_ca2c7.dir/CMakeCXXCompilerABI.cpp.obj] ==> ignore
    arg [-lstdc++] ==> lib [stdc++]
    arg [-lm] ==> lib [m]
    arg [--start-group] ==> ignore
    arg [-lgcc] ==> lib [gcc]
    arg [-lc] ==> lib [c]
    arg [--end-group] ==> ignore
    arg [--start-group] ==> ignore
    arg [-lgcc] ==> lib [gcc]
    arg [-lc] ==> lib [c]
    arg [-lnosys] ==> lib [nosys]
    arg [--end-group] ==> ignore
    arg [/home/tmduser/yocto_toradex/user_sources/cortex_m4/toolchain/gcc-arm-none-eabi-4_9-2015q3/bin/../lib/gcc/arm-none-eabi/4.9.3/crtend.o] ==> ignore
    arg [/home/tmduser/yocto_toradex/user_sources/cortex_m4/toolchain/gcc-arm-none-eabi-4_9-2015q3/bin/../lib/gcc/arm-none-eabi/4.9.3/crtn.o] ==> ignore
  collapse library dir [/home/tmduser/yocto_toradex/user_sources/cortex_m4/toolchain/gcc-arm-none-eabi-4_9-2015q3/bin/../lib/gcc/arm-none-eabi/4.9.3] ==> [/home/tmduser/yocto_toradex/user_sources/cortex_m4/toolchain/gcc-arm-none-eabi-4_9-2015q3/lib/gcc/arm-none-eabi/4.9.3]
  collapse library dir [/home/tmduser/yocto_toradex/user_sources/cortex_m4/toolchain/gcc-arm-none-eabi-4_9-2015q3/bin/../lib/gcc] ==> [/home/tmduser/yocto_toradex/user_sources/cortex_m4/toolchain/gcc-arm-none-eabi-4_9-2015q3/lib/gcc]
  collapse library dir [/home/tmduser/yocto_toradex/user_sources/cortex_m4/toolchain/gcc-arm-none-eabi-4_9-2015q3/bin/../lib/gcc/arm-none-eabi/4.9.3/../../../../arm-none-eabi/lib] ==> [/home/tmduser/yocto_toradex/user_sources/cortex_m4/toolchain/gcc-arm-none-eabi-4_9-2015q3/arm-none-eabi/lib]
  collapse library dir [/home/tmduser/yocto_toradex/user_sources/cortex_m4/toolchain/gcc-arm-none-eabi-4_9-2015q3/bin/../arm-none-eabi/lib] ==> [/home/tmduser/yocto_toradex/user_sources/cortex_m4/toolchain/gcc-arm-none-eabi-4_9-2015q3/arm-none-eabi/lib]
  implicit libs: [stdc++;m;gcc;c;gcc;c;nosys]
  implicit dirs: [/home/tmduser/yocto_toradex/user_sources/cortex_m4/toolchain/gcc-arm-none-eabi-4_9-2015q3/lib/gcc/arm-none-eabi/4.9.3;/home/tmduser/yocto_toradex/user_sources/cortex_m4/toolchain/gcc-arm-none-eabi-4_9-2015q3/lib/gcc;/home/tmduser/yocto_toradex/user_sources/cortex_m4/toolchain/gcc-arm-none-eabi-4_9-2015q3/arm-none-eabi/lib]
  implicit fwks: []




Detecting CXX [-std=c++14] compiler features compiled with the following output:
Change Dir: /home/tmduser/yocto_toradex/user_sources/cortex_m4/freeRtos/freertos-colibri-imx7/examples/imx7_colibri_m4/demo_apps/blinking_imx_demo/armgcc/release/CMakeFiles/CMakeTmp

Run Build Command:"/usr/bin/make" "cmTC_aa715/fast"
/usr/bin/make -f CMakeFiles/cmTC_aa715.dir/build.make CMakeFiles/cmTC_aa715.dir/build
make[1]: Entering directory '/home/tmduser/yocto_toradex/user_sources/cortex_m4/freeRtos/freertos-colibri-imx7/examples/imx7_colibri_m4/demo_apps/blinking_imx_demo/armgcc/release/CMakeFiles/CMakeTmp'
Building CXX object CMakeFiles/cmTC_aa715.dir/feature_tests.cxx.obj
/home/tmduser/yocto_toradex/user_sources/cortex_m4/toolchain/gcc-arm-none-eabi-4_9-2015q3//bin/arm-none-eabi-g++    --specs=nosys.specs    -std=c++14 -o CMakeFiles/cmTC_aa715.dir/feature_tests.cxx.obj -c /home/tmduser/yocto_toradex/user_sources/cortex_m4/freeRtos/freertos-colibri-imx7/examples/imx7_colibri_m4/demo_apps/blinking_imx_demo/armgcc/release/CMakeFiles/feature_tests.cxx
Linking CXX executable cmTC_aa715
/usr/bin/cmake -E cmake_link_script CMakeFiles/cmTC_aa715.dir/link.txt --verbose=1
/home/tmduser/yocto_toradex/user_sources/cortex_m4/toolchain/gcc-arm-none-eabi-4_9-2015q3//bin/arm-none-eabi-g++  --specs=nosys.specs     CMakeFiles/cmTC_aa715.dir/feature_tests.cxx.obj  -o cmTC_aa715 
make[1]: Leaving directory '/home/tmduser/yocto_toradex/user_sources/cortex_m4/freeRtos/freertos-colibri-imx7/examples/imx7_colibri_m4/demo_apps/blinking_imx_demo/armgcc/release/CMakeFiles/CMakeTmp'


    Feature record: CXX_FEATURE:0cxx_aggregate_default_initializers
    Feature record: CXX_FEATURE:1cxx_alias_templates
    Feature record: CXX_FEATURE:1cxx_alignas
    Feature record: CXX_FEATURE:1cxx_alignof
    Feature record: CXX_FEATURE:1cxx_attributes
    Feature record: CXX_FEATURE:1cxx_attribute_deprecated
    Feature record: CXX_FEATURE:1cxx_auto_type
    Feature record: CXX_FEATURE:1cxx_binary_literals
    Feature record: CXX_FEATURE:1cxx_constexpr
    Feature record: CXX_FEATURE:1cxx_contextual_conversions
    Feature record: CXX_FEATURE:1cxx_decltype
    Feature record: CXX_FEATURE:1cxx_decltype_auto
    Feature record: CXX_FEATURE:1cxx_decltype_incomplete_return_types
    Feature record: CXX_FEATURE:1cxx_default_function_template_args
    Feature record: CXX_FEATURE:1cxx_defaulted_functions
    Feature record: CXX_FEATURE:1cxx_defaulted_move_initializers
    Feature record: CXX_FEATURE:1cxx_delegating_constructors
    Feature record: CXX_FEATURE:1cxx_deleted_functions
    Feature record: CXX_FEATURE:1cxx_digit_separators
    Feature record: CXX_FEATURE:1cxx_enum_forward_declarations
    Feature record: CXX_FEATURE:1cxx_explicit_conversions
    Feature record: CXX_FEATURE:1cxx_extended_friend_declarations
    Feature record: CXX_FEATURE:1cxx_extern_templates
    Feature record: CXX_FEATURE:1cxx_final
    Feature record: CXX_FEATURE:1cxx_func_identifier
    Feature record: CXX_FEATURE:1cxx_generalized_initializers
    Feature record: CXX_FEATURE:1cxx_generic_lambdas
    Feature record: CXX_FEATURE:1cxx_inheriting_constructors
    Feature record: CXX_FEATURE:1cxx_inline_namespaces
    Feature record: CXX_FEATURE:1cxx_lambdas
    Feature record: CXX_FEATURE:1cxx_lambda_init_captures
    Feature record: CXX_FEATURE:1cxx_local_type_template_args
    Feature record: CXX_FEATURE:1cxx_long_long_type
    Feature record: CXX_FEATURE:1cxx_noexcept
    Feature record: CXX_FEATURE:1cxx_nonstatic_member_init
    Feature record: CXX_FEATURE:1cxx_nullptr
    Feature record: CXX_FEATURE:1cxx_override
    Feature record: CXX_FEATURE:1cxx_range_for
    Feature record: CXX_FEATURE:1cxx_raw_string_literals
    Feature record: CXX_FEATURE:1cxx_reference_qualified_functions
    Feature record: CXX_FEATURE:0cxx_relaxed_constexpr
    Feature record: CXX_FEATURE:1cxx_return_type_deduction
    Feature record: CXX_FEATURE:1cxx_right_angle_brackets
    Feature record: CXX_FEATURE:1cxx_rvalue_references
    Feature record: CXX_FEATURE:1cxx_sizeof_member
    Feature record: CXX_FEATURE:1cxx_static_assert
    Feature record: CXX_FEATURE:1cxx_strong_enums
    Feature record: CXX_FEATURE:1cxx_template_template_parameters
    Feature record: CXX_FEATURE:1cxx_thread_local
    Feature record: CXX_FEATURE:1cxx_trailing_return_types
    Feature record: CXX_FEATURE:1cxx_unicode_literals
    Feature record: CXX_FEATURE:1cxx_uniform_initialization
    Feature record: CXX_FEATURE:1cxx_unrestricted_unions
    Feature record: CXX_FEATURE:1cxx_user_literals
    Feature record: CXX_FEATURE:0cxx_variable_templates
    Feature record: CXX_FEATURE:1cxx_variadic_macros
    Feature record: CXX_FEATURE:1cxx_variadic_templates


Detecting CXX [-std=c++11] compiler features compiled with the following output:
Change Dir: /home/tmduser/yocto_toradex/user_sources/cortex_m4/freeRtos/freertos-colibri-imx7/examples/imx7_colibri_m4/demo_apps/blinking_imx_demo/armgcc/release/CMakeFiles/CMakeTmp

Run Build Command:"/usr/bin/make" "cmTC_19392/fast"
/usr/bin/make -f CMakeFiles/cmTC_19392.dir/build.make CMakeFiles/cmTC_19392.dir/build
make[1]: Entering directory '/home/tmduser/yocto_toradex/user_sources/cortex_m4/freeRtos/freertos-colibri-imx7/examples/imx7_colibri_m4/demo_apps/blinking_imx_demo/armgcc/release/CMakeFiles/CMakeTmp'
Building CXX object CMakeFiles/cmTC_19392.dir/feature_tests.cxx.obj
/home/tmduser/yocto_toradex/user_sources/cortex_m4/toolchain/gcc-arm-none-eabi-4_9-2015q3//bin/arm-none-eabi-g++    --specs=nosys.specs    -std=c++11 -o CMakeFiles/cmTC_19392.dir/feature_tests.cxx.obj -c /home/tmduser/yocto_toradex/user_sources/cortex_m4/freeRtos/freertos-colibri-imx7/examples/imx7_colibri_m4/demo_apps/blinking_imx_demo/armgcc/release/CMakeFiles/feature_tests.cxx
Linking CXX executable cmTC_19392
/usr/bin/cmake -E cmake_link_script CMakeFiles/cmTC_19392.dir/link.txt --verbose=1
/home/tmduser/yocto_toradex/user_sources/cortex_m4/toolchain/gcc-arm-none-eabi-4_9-2015q3//bin/arm-none-eabi-g++  --specs=nosys.specs     CMakeFiles/cmTC_19392.dir/feature_tests.cxx.obj  -o cmTC_19392 
make[1]: Leaving directory '/home/tmduser/yocto_toradex/user_sources/cortex_m4/freeRtos/freertos-colibri-imx7/examples/imx7_colibri_m4/demo_apps/blinking_imx_demo/armgcc/release/CMakeFiles/CMakeTmp'


    Feature record: CXX_FEATURE:0cxx_aggregate_default_initializers
    Feature record: CXX_FEATURE:1cxx_alias_templates
    Feature record: CXX_FEATURE:1cxx_alignas
    Feature record: CXX_FEATURE:1cxx_alignof
    Feature record: CXX_FEATURE:1cxx_attributes
    Feature record: CXX_FEATURE:0cxx_attribute_deprecated
    Feature record: CXX_FEATURE:1cxx_auto_type
    Feature record: CXX_FEATURE:0cxx_binary_literals
    Feature record: CXX_FEATURE:1cxx_constexpr
    Feature record: CXX_FEATURE:0cxx_contextual_conversions
    Feature record: CXX_FEATURE:1cxx_decltype
    Feature record: CXX_FEATURE:0cxx_decltype_auto
    Feature record: CXX_FEATURE:1cxx_decltype_incomplete_return_types
    Feature record: CXX_FEATURE:1cxx_default_function_template_args
    Feature record: CXX_FEATURE:1cxx_defaulted_functions
    Feature record: CXX_FEATURE:1cxx_defaulted_move_initializers
    Feature record: CXX_FEATURE:1cxx_delegating_constructors
    Feature record: CXX_FEATURE:1cxx_deleted_functions
    Feature record: CXX_FEATURE:0cxx_digit_separators
    Feature record: CXX_FEATURE:1cxx_enum_forward_declarations
    Feature record: CXX_FEATURE:1cxx_explicit_conversions
    Feature record: CXX_FEATURE:1cxx_extended_friend_declarations
    Feature record: CXX_FEATURE:1cxx_extern_templates
    Feature record: CXX_FEATURE:1cxx_final
    Feature record: CXX_FEATURE:1cxx_func_identifier
    Feature record: CXX_FEATURE:1cxx_generalized_initializers
    Feature record: CXX_FEATURE:0cxx_generic_lambdas
    Feature record: CXX_FEATURE:1cxx_inheriting_constructors
    Feature record: CXX_FEATURE:1cxx_inline_namespaces
    Feature record: CXX_FEATURE:1cxx_lambdas
    Feature record: CXX_FEATURE:0cxx_lambda_init_captures
    Feature record: CXX_FEATURE:1cxx_local_type_template_args
    Feature record: CXX_FEATURE:1cxx_long_long_type
    Feature record: CXX_FEATURE:1cxx_noexcept
    Feature record: CXX_FEATURE:1cxx_nonstatic_member_init
    Feature record: CXX_FEATURE:1cxx_nullptr
    Feature record: CXX_FEATURE:1cxx_override
    Feature record: CXX_FEATURE:1cxx_range_for
    Feature record: CXX_FEATURE:1cxx_raw_string_literals
    Feature record: CXX_FEATURE:1cxx_reference_qualified_functions
    Feature record: CXX_FEATURE:0cxx_relaxed_constexpr
    Feature record: CXX_FEATURE:0cxx_return_type_deduction
    Feature record: CXX_FEATURE:1cxx_right_angle_brackets
    Feature record: CXX_FEATURE:1cxx_rvalue_references
    Feature record: CXX_FEATURE:1cxx_sizeof_member
    Feature record: CXX_FEATURE:1cxx_static_assert
    Feature record: CXX_FEATURE:1cxx_strong_enums
    Feature record: CXX_FEATURE:1cxx_template_template_parameters
    Feature record: CXX_FEATURE:1cxx_thread_local
    Feature record: CXX_FEATURE:1cxx_trailing_return_types
    Feature record: CXX_FEATURE:1cxx_unicode_literals
    Feature record: CXX_FEATURE:1cxx_uniform_initialization
    Feature record: CXX_FEATURE:1cxx_unrestricted_unions
    Feature record: CXX_FEATURE:1cxx_user_literals
    Feature record: CXX_FEATURE:0cxx_variable_templates
    Feature record: CXX_FEATURE:1cxx_variadic_macros
    Feature record: CXX_FEATURE:1cxx_variadic_templates


Detecting CXX [-std=c++98] compiler features compiled with the following output:
Change Dir: /home/tmduser/yocto_toradex/user_sources/cortex_m4/freeRtos/freertos-colibri-imx7/examples/imx7_colibri_m4/demo_apps/blinking_imx_demo/armgcc/release/CMakeFiles/CMakeTmp

Run Build Command:"/usr/bin/make" "cmTC_c015a/fast"
/usr/bin/make -f CMakeFiles/cmTC_c015a.dir/build.make CMakeFiles/cmTC_c015a.dir/build
make[1]: Entering directory '/home/tmduser/yocto_toradex/user_sources/cortex_m4/freeRtos/freertos-colibri-imx7/examples/imx7_colibri_m4/demo_apps/blinking_imx_demo/armgcc/release/CMakeFiles/CMakeTmp'
Building CXX object CMakeFiles/cmTC_c015a.dir/feature_tests.cxx.obj
/home/tmduser/yocto_toradex/user_sources/cortex_m4/toolchain/gcc-arm-none-eabi-4_9-2015q3//bin/arm-none-eabi-g++    --specs=nosys.specs    -std=c++98 -o CMakeFiles/cmTC_c015a.dir/feature_tests.cxx.obj -c /home/tmduser/yocto_toradex/user_sources/cortex_m4/freeRtos/freertos-colibri-imx7/examples/imx7_colibri_m4/demo_apps/blinking_imx_demo/armgcc/release/CMakeFiles/feature_tests.cxx
Linking CXX executable cmTC_c015a
/usr/bin/cmake -E cmake_link_script CMakeFiles/cmTC_c015a.dir/link.txt --verbose=1
/home/tmduser/yocto_toradex/user_sources/cortex_m4/toolchain/gcc-arm-none-eabi-4_9-2015q3//bin/arm-none-eabi-g++  --specs=nosys.specs     CMakeFiles/cmTC_c015a.dir/feature_tests.cxx.obj  -o cmTC_c015a 
make[1]: Leaving directory '/home/tmduser/yocto_toradex/user_sources/cortex_m4/freeRtos/freertos-colibri-imx7/examples/imx7_colibri_m4/demo_apps/blinking_imx_demo/armgcc/release/CMakeFiles/CMakeTmp'


    Feature record: CXX_FEATURE:0cxx_aggregate_default_initializers
    Feature record: CXX_FEATURE:0cxx_alias_templates
    Feature record: CXX_FEATURE:0cxx_alignas
    Feature record: CXX_FEATURE:0cxx_alignof
    Feature record: CXX_FEATURE:0cxx_attributes
    Feature record: CXX_FEATURE:0cxx_attribute_deprecated
    Feature record: CXX_FEATURE:0cxx_auto_type
    Feature record: CXX_FEATURE:0cxx_binary_literals
    Feature record: CXX_FEATURE:0cxx_constexpr
    Feature record: CXX_FEATURE:0cxx_contextual_conversions
    Feature record: CXX_FEATURE:0cxx_decltype
    Feature record: CXX_FEATURE:0cxx_decltype_auto
    Feature record: CXX_FEATURE:0cxx_decltype_incomplete_return_types
    Feature record: CXX_FEATURE:0cxx_default_function_template_args
    Feature record: CXX_FEATURE:0cxx_defaulted_functions
    Feature record: CXX_FEATURE:0cxx_defaulted_move_initializers
    Feature record: CXX_FEATURE:0cxx_delegating_constructors
    Feature record: CXX_FEATURE:0cxx_deleted_functions
    Feature record: CXX_FEATURE:0cxx_digit_separators
    Feature record: CXX_FEATURE:0cxx_enum_forward_declarations
    Feature record: CXX_FEATURE:0cxx_explicit_conversions
    Feature record: CXX_FEATURE:0cxx_extended_friend_declarations
    Feature record: CXX_FEATURE:0cxx_extern_templates
    Feature record: CXX_FEATURE:0cxx_final
    Feature record: CXX_FEATURE:0cxx_func_identifier
    Feature record: CXX_FEATURE:0cxx_generalized_initializers
    Feature record: CXX_FEATURE:0cxx_generic_lambdas
    Feature record: CXX_FEATURE:0cxx_inheriting_constructors
    Feature record: CXX_FEATURE:0cxx_inline_namespaces
    Feature record: CXX_FEATURE:0cxx_lambdas
    Feature record: CXX_FEATURE:0cxx_lambda_init_captures
    Feature record: CXX_FEATURE:0cxx_local_type_template_args
    Feature record: CXX_FEATURE:0cxx_long_long_type
    Feature record: CXX_FEATURE:0cxx_noexcept
    Feature record: CXX_FEATURE:0cxx_nonstatic_member_init
    Feature record: CXX_FEATURE:0cxx_nullptr
    Feature record: CXX_FEATURE:0cxx_override
    Feature record: CXX_FEATURE:0cxx_range_for
    Feature record: CXX_FEATURE:0cxx_raw_string_literals
    Feature record: CXX_FEATURE:0cxx_reference_qualified_functions
    Feature record: CXX_FEATURE:0cxx_relaxed_constexpr
    Feature record: CXX_FEATURE:0cxx_return_type_deduction
    Feature record: CXX_FEATURE:0cxx_right_angle_brackets
    Feature record: CXX_FEATURE:0cxx_rvalue_references
    Feature record: CXX_FEATURE:0cxx_sizeof_member
    Feature record: CXX_FEATURE:0cxx_static_assert
    Feature record: CXX_FEATURE:0cxx_strong_enums
    Feature record: CXX_FEATURE:1cxx_template_template_parameters
    Feature record: CXX_FEATURE:0cxx_thread_local
    Feature record: CXX_FEATURE:0cxx_trailing_return_types
    Feature record: CXX_FEATURE:0cxx_unicode_literals
    Feature record: CXX_FEATURE:0cxx_uniform_initialization
    Feature record: CXX_FEATURE:0cxx_unrestricted_unions
    Feature record: CXX_FEATURE:0cxx_user_literals
    Feature record: CXX_FEATURE:0cxx_variable_templates
    Feature record: CXX_FEATURE:0cxx_variadic_macros
    Feature record: CXX_FEATURE:0cxx_variadic_templates
Checking whether the ASM compiler is GNU using "--version" matched "(GNU assembler)|(GCC)|(Free Software Foundation)":
arm-none-eabi-gcc (GNU Tools for ARM Embedded Processors) 4.9.3 20150529 (release) [ARM/embedded-4_9-branch revision 227977]
Copyright (C) 2014 Free Software Foundation, Inc.
This is free software; see the source for copying conditions.  There is NO
warranty; not even for MERCHANTABILITY or FITNESS FOR A PARTICULAR PURPOSE.

