The target system is: Generic -  - arm
The host system is: Linux - 5.14.0-1024-oem - x86_64
Compiling the C compiler identification source file "CMakeCCompilerId.c" succeeded.
Compiler: /home/aselsan/Desktop/IMX7/toolchain/gcc-arm-none-eabi-4_9-2015q3/bin/arm-none-eabi-gcc 
Build flags: --specs=nosys.specs
Id flags:  

The output was:
0


Compilation of the C compiler identification source "CMakeCCompilerId.c" produced "a.out"

The C compiler identification is GNU, found in "/home/aselsan/Desktop/IMX7/cortex_m4/freeRtos/freertos-colibri-imx7/examples/imx7_colibri_m4/demo_apps/hello_world/armgcc/release/CMakeFiles/3.16.3/CompilerIdC/a.out"

Compiling the CXX compiler identification source file "CMakeCXXCompilerId.cpp" succeeded.
Compiler: /home/aselsan/Desktop/IMX7/toolchain/gcc-arm-none-eabi-4_9-2015q3/bin/arm-none-eabi-g++ 
Build flags: --specs=nosys.specs
Id flags:  

The output was:
0


Compilation of the CXX compiler identification source "CMakeCXXCompilerId.cpp" produced "a.out"

The CXX compiler identification is GNU, found in "/home/aselsan/Desktop/IMX7/cortex_m4/freeRtos/freertos-colibri-imx7/examples/imx7_colibri_m4/demo_apps/hello_world/armgcc/release/CMakeFiles/3.16.3/CompilerIdCXX/a.out"

Determining if the C compiler works passed with the following output:
Change Dir: /home/aselsan/Desktop/IMX7/cortex_m4/freeRtos/freertos-colibri-imx7/examples/imx7_colibri_m4/demo_apps/hello_world/armgcc/release/CMakeFiles/CMakeTmp

Run Build Command(s):/usr/bin/make cmTC_0a89b/fast && /usr/bin/make -f CMakeFiles/cmTC_0a89b.dir/build.make CMakeFiles/cmTC_0a89b.dir/build
make[1]: Entering directory '/home/aselsan/Desktop/IMX7/cortex_m4/freeRtos/freertos-colibri-imx7/examples/imx7_colibri_m4/demo_apps/hello_world/armgcc/release/CMakeFiles/CMakeTmp'
Building C object CMakeFiles/cmTC_0a89b.dir/testCCompiler.c.obj
/home/aselsan/Desktop/IMX7/toolchain/gcc-arm-none-eabi-4_9-2015q3/bin/arm-none-eabi-gcc   --specs=nosys.specs   -O3    -o CMakeFiles/cmTC_0a89b.dir/testCCompiler.c.obj   -c /home/aselsan/Desktop/IMX7/cortex_m4/freeRtos/freertos-colibri-imx7/examples/imx7_colibri_m4/demo_apps/hello_world/armgcc/release/CMakeFiles/CMakeTmp/testCCompiler.c
Linking C executable cmTC_0a89b
/usr/bin/cmake -E cmake_link_script CMakeFiles/cmTC_0a89b.dir/link.txt --verbose=1
/home/aselsan/Desktop/IMX7/toolchain/gcc-arm-none-eabi-4_9-2015q3/bin/arm-none-eabi-gcc --specs=nosys.specs   -O3     CMakeFiles/cmTC_0a89b.dir/testCCompiler.c.obj  -o cmTC_0a89b 
make[1]: Leaving directory '/home/aselsan/Desktop/IMX7/cortex_m4/freeRtos/freertos-colibri-imx7/examples/imx7_colibri_m4/demo_apps/hello_world/armgcc/release/CMakeFiles/CMakeTmp'



Detecting C compiler ABI info compiled with the following output:
Change Dir: /home/aselsan/Desktop/IMX7/cortex_m4/freeRtos/freertos-colibri-imx7/examples/imx7_colibri_m4/demo_apps/hello_world/armgcc/release/CMakeFiles/CMakeTmp

Run Build Command(s):/usr/bin/make cmTC_dd07f/fast && /usr/bin/make -f CMakeFiles/cmTC_dd07f.dir/build.make CMakeFiles/cmTC_dd07f.dir/build
make[1]: Entering directory '/home/aselsan/Desktop/IMX7/cortex_m4/freeRtos/freertos-colibri-imx7/examples/imx7_colibri_m4/demo_apps/hello_world/armgcc/release/CMakeFiles/CMakeTmp'
Building C object CMakeFiles/cmTC_dd07f.dir/CMakeCCompilerABI.c.obj
/home/aselsan/Desktop/IMX7/toolchain/gcc-arm-none-eabi-4_9-2015q3/bin/arm-none-eabi-gcc   --specs=nosys.specs   -O3    -v -o CMakeFiles/cmTC_dd07f.dir/CMakeCCompilerABI.c.obj   -c /usr/share/cmake-3.16/Modules/CMakeCCompilerABI.c
Using built-in specs.
Reading specs from /home/aselsan/Desktop/IMX7/toolchain/gcc-arm-none-eabi-4_9-2015q3/bin/../lib/gcc/arm-none-eabi/4.9.3/../../../../arm-none-eabi/lib/nosys.specs
rename spec link_gcc_c_sequence to nosys_link_gcc_c_sequence
COLLECT_GCC=/home/aselsan/Desktop/IMX7/toolchain/gcc-arm-none-eabi-4_9-2015q3/bin/arm-none-eabi-gcc
Target: arm-none-eabi
Configured with: /home/build/work/GCC-4-9-build/src/gcc/configure --target=arm-none-eabi --prefix=/home/build/work/GCC-4-9-build/install-native --libexecdir=/home/build/work/GCC-4-9-build/install-native/lib --infodir=/home/build/work/GCC-4-9-build/install-native/share/doc/gcc-arm-none-eabi/info --mandir=/home/build/work/GCC-4-9-build/install-native/share/doc/gcc-arm-none-eabi/man --htmldir=/home/build/work/GCC-4-9-build/install-native/share/doc/gcc-arm-none-eabi/html --pdfdir=/home/build/work/GCC-4-9-build/install-native/share/doc/gcc-arm-none-eabi/pdf --enable-languages=c,c++ --enable-plugins --disable-decimal-float --disable-libffi --disable-libgomp --disable-libmudflap --disable-libquadmath --disable-libssp --disable-libstdcxx-pch --disable-nls --disable-shared --disable-threads --disable-tls --with-gnu-as --with-gnu-ld --with-newlib --with-headers=yes --with-python-dir=share/gcc-arm-none-eabi --with-sysroot=/home/build/work/GCC-4-9-build/install-native/arm-none-eabi --build=i686-linux-gnu --host=i686-linux-gnu --with-gmp=/home/build/work/GCC-4-9-build/build-native/host-libs/usr --with-mpfr=/home/build/work/GCC-4-9-build/build-native/host-libs/usr --with-mpc=/home/build/work/GCC-4-9-build/build-native/host-libs/usr --with-isl=/home/build/work/GCC-4-9-build/build-native/host-libs/usr --with-cloog=/home/build/work/GCC-4-9-build/build-native/host-libs/usr --with-libelf=/home/build/work/GCC-4-9-build/build-native/host-libs/usr --with-host-libstdcxx='-static-libgcc -Wl,-Bstatic,-lstdc++,-Bdynamic -lm' --with-pkgversion='GNU Tools for ARM Embedded Processors' --with-multilib-list=armv6-m,armv7-m,armv7e-m,cortex-m7,armv7-r
Thread model: single
gcc version 4.9.3 20150529 (release) [ARM/embedded-4_9-branch revision 227977] (GNU Tools for ARM Embedded Processors) 
COLLECT_GCC_OPTIONS='-specs=nosys.specs' '-O3' '-v' '-o' 'CMakeFiles/cmTC_dd07f.dir/CMakeCCompilerABI.c.obj' '-c'
 /home/aselsan/Desktop/IMX7/toolchain/gcc-arm-none-eabi-4_9-2015q3/bin/../lib/gcc/arm-none-eabi/4.9.3/cc1 -quiet -v -iprefix /home/aselsan/Desktop/IMX7/toolchain/gcc-arm-none-eabi-4_9-2015q3/bin/../lib/gcc/arm-none-eabi/4.9.3/ -isysroot /home/aselsan/Desktop/IMX7/toolchain/gcc-arm-none-eabi-4_9-2015q3/bin/../arm-none-eabi -D__USES_INITFINI__ /usr/share/cmake-3.16/Modules/CMakeCCompilerABI.c -quiet -dumpbase CMakeCCompilerABI.c -auxbase-strip CMakeFiles/cmTC_dd07f.dir/CMakeCCompilerABI.c.obj -O3 -version -o /tmp/ccujpdcg.s
GNU C (GNU Tools for ARM Embedded Processors) version 4.9.3 20150529 (release) [ARM/embedded-4_9-branch revision 227977] (arm-none-eabi)
	compiled by GNU C version 4.7.4, GMP version 4.3.2, MPFR version 2.4.2, MPC version 0.8.1
GGC heuristics: --param ggc-min-expand=100 --param ggc-min-heapsize=131072
ignoring duplicate directory "/home/aselsan/Desktop/IMX7/toolchain/gcc-arm-none-eabi-4_9-2015q3/bin/../lib/gcc/../../lib/gcc/arm-none-eabi/4.9.3/include"
ignoring nonexistent directory "/home/aselsan/Desktop/IMX7/toolchain/gcc-arm-none-eabi-4_9-2015q3/bin/../arm-none-eabi/usr/local/include"
ignoring duplicate directory "/home/aselsan/Desktop/IMX7/toolchain/gcc-arm-none-eabi-4_9-2015q3/bin/../lib/gcc/../../lib/gcc/arm-none-eabi/4.9.3/include-fixed"
ignoring duplicate directory "/home/aselsan/Desktop/IMX7/toolchain/gcc-arm-none-eabi-4_9-2015q3/bin/../lib/gcc/../../lib/gcc/arm-none-eabi/4.9.3/../../../../arm-none-eabi/include"
ignoring nonexistent directory "/home/aselsan/Desktop/IMX7/toolchain/gcc-arm-none-eabi-4_9-2015q3/bin/../arm-none-eabi/usr/include"
#include "..." search starts here:
#include <...> search starts here:
 /home/aselsan/Desktop/IMX7/toolchain/gcc-arm-none-eabi-4_9-2015q3/bin/../lib/gcc/arm-none-eabi/4.9.3/include
 /home/aselsan/Desktop/IMX7/toolchain/gcc-arm-none-eabi-4_9-2015q3/bin/../lib/gcc/arm-none-eabi/4.9.3/include-fixed
 /home/aselsan/Desktop/IMX7/toolchain/gcc-arm-none-eabi-4_9-2015q3/bin/../lib/gcc/arm-none-eabi/4.9.3/../../../../arm-none-eabi/include
End of search list.
GNU C (GNU Tools for ARM Embedded Processors) version 4.9.3 20150529 (release) [ARM/embedded-4_9-branch revision 227977] (arm-none-eabi)
	compiled by GNU C version 4.7.4, GMP version 4.3.2, MPFR version 2.4.2, MPC version 0.8.1
GGC heuristics: --param ggc-min-expand=100 --param ggc-min-heapsize=131072
Compiler executable checksum: 23ae9d7553dfa09bbef2d3a65686f7ef
COLLECT_GCC_OPTIONS='-specs=nosys.specs' '-O3' '-v' '-o' 'CMakeFiles/cmTC_dd07f.dir/CMakeCCompilerABI.c.obj' '-c'
 /home/aselsan/Desktop/IMX7/toolchain/gcc-arm-none-eabi-4_9-2015q3/bin/../lib/gcc/arm-none-eabi/4.9.3/../../../../arm-none-eabi/bin/as -v -meabi=5 -o CMakeFiles/cmTC_dd07f.dir/CMakeCCompilerABI.c.obj /tmp/ccujpdcg.s
GNU assembler version 2.24.0 (arm-none-eabi) using BFD version (GNU Tools for ARM Embedded Processors) 2.24.0.20150921
COMPILER_PATH=/home/aselsan/Desktop/IMX7/toolchain/gcc-arm-none-eabi-4_9-2015q3/bin/../lib/gcc/arm-none-eabi/4.9.3/:/home/aselsan/Desktop/IMX7/toolchain/gcc-arm-none-eabi-4_9-2015q3/bin/../lib/gcc/:/home/aselsan/Desktop/IMX7/toolchain/gcc-arm-none-eabi-4_9-2015q3/bin/../lib/gcc/arm-none-eabi/4.9.3/../../../../arm-none-eabi/bin/
LIBRARY_PATH=/home/aselsan/Desktop/IMX7/toolchain/gcc-arm-none-eabi-4_9-2015q3/bin/../lib/gcc/arm-none-eabi/4.9.3/:/home/aselsan/Desktop/IMX7/toolchain/gcc-arm-none-eabi-4_9-2015q3/bin/../lib/gcc/:/home/aselsan/Desktop/IMX7/toolchain/gcc-arm-none-eabi-4_9-2015q3/bin/../lib/gcc/arm-none-eabi/4.9.3/../../../../arm-none-eabi/lib/:/home/aselsan/Desktop/IMX7/toolchain/gcc-arm-none-eabi-4_9-2015q3/bin/../arm-none-eabi/lib/
COLLECT_GCC_OPTIONS='-specs=nosys.specs' '-O3' '-v' '-o' 'CMakeFiles/cmTC_dd07f.dir/CMakeCCompilerABI.c.obj' '-c'
Linking C executable cmTC_dd07f
/usr/bin/cmake -E cmake_link_script CMakeFiles/cmTC_dd07f.dir/link.txt --verbose=1
/home/aselsan/Desktop/IMX7/toolchain/gcc-arm-none-eabi-4_9-2015q3/bin/arm-none-eabi-gcc --specs=nosys.specs   -O3    -v CMakeFiles/cmTC_dd07f.dir/CMakeCCompilerABI.c.obj  -o cmTC_dd07f 
Using built-in specs.
Reading specs from /home/aselsan/Desktop/IMX7/toolchain/gcc-arm-none-eabi-4_9-2015q3/bin/../lib/gcc/arm-none-eabi/4.9.3/../../../../arm-none-eabi/lib/nosys.specs
rename spec link_gcc_c_sequence to nosys_link_gcc_c_sequence
COLLECT_GCC=/home/aselsan/Desktop/IMX7/toolchain/gcc-arm-none-eabi-4_9-2015q3/bin/arm-none-eabi-gcc
COLLECT_LTO_WRAPPER=/home/aselsan/Desktop/IMX7/toolchain/gcc-arm-none-eabi-4_9-2015q3/bin/../lib/gcc/arm-none-eabi/4.9.3/lto-wrapper
Target: arm-none-eabi
Configured with: /home/build/work/GCC-4-9-build/src/gcc/configure --target=arm-none-eabi --prefix=/home/build/work/GCC-4-9-build/install-native --libexecdir=/home/build/work/GCC-4-9-build/install-native/lib --infodir=/home/build/work/GCC-4-9-build/install-native/share/doc/gcc-arm-none-eabi/info --mandir=/home/build/work/GCC-4-9-build/install-native/share/doc/gcc-arm-none-eabi/man --htmldir=/home/build/work/GCC-4-9-build/install-native/share/doc/gcc-arm-none-eabi/html --pdfdir=/home/build/work/GCC-4-9-build/install-native/share/doc/gcc-arm-none-eabi/pdf --enable-languages=c,c++ --enable-plugins --disable-decimal-float --disable-libffi --disable-libgomp --disable-libmudflap --disable-libquadmath --disable-libssp --disable-libstdcxx-pch --disable-nls --disable-shared --disable-threads --disable-tls --with-gnu-as --with-gnu-ld --with-newlib --with-headers=yes --with-python-dir=share/gcc-arm-none-eabi --with-sysroot=/home/build/work/GCC-4-9-build/install-native/arm-none-eabi --build=i686-linux-gnu --host=i686-linux-gnu --with-gmp=/home/build/work/GCC-4-9-build/build-native/host-libs/usr --with-mpfr=/home/build/work/GCC-4-9-build/build-native/host-libs/usr --with-mpc=/home/build/work/GCC-4-9-build/build-native/host-libs/usr --with-isl=/home/build/work/GCC-4-9-build/build-native/host-libs/usr --with-cloog=/home/build/work/GCC-4-9-build/build-native/host-libs/usr --with-libelf=/home/build/work/GCC-4-9-build/build-native/host-libs/usr --with-host-libstdcxx='-static-libgcc -Wl,-Bstatic,-lstdc++,-Bdynamic -lm' --with-pkgversion='GNU Tools for ARM Embedded Processors' --with-multilib-list=armv6-m,armv7-m,armv7e-m,cortex-m7,armv7-r
Thread model: single
gcc version 4.9.3 20150529 (release) [ARM/embedded-4_9-branch revision 227977] (GNU Tools for ARM Embedded Processors) 
COMPILER_PATH=/home/aselsan/Desktop/IMX7/toolchain/gcc-arm-none-eabi-4_9-2015q3/bin/../lib/gcc/arm-none-eabi/4.9.3/:/home/aselsan/Desktop/IMX7/toolchain/gcc-arm-none-eabi-4_9-2015q3/bin/../lib/gcc/:/home/aselsan/Desktop/IMX7/toolchain/gcc-arm-none-eabi-4_9-2015q3/bin/../lib/gcc/arm-none-eabi/4.9.3/../../../../arm-none-eabi/bin/
LIBRARY_PATH=/home/aselsan/Desktop/IMX7/toolchain/gcc-arm-none-eabi-4_9-2015q3/bin/../lib/gcc/arm-none-eabi/4.9.3/:/home/aselsan/Desktop/IMX7/toolchain/gcc-arm-none-eabi-4_9-2015q3/bin/../lib/gcc/:/home/aselsan/Desktop/IMX7/toolchain/gcc-arm-none-eabi-4_9-2015q3/bin/../lib/gcc/arm-none-eabi/4.9.3/../../../../arm-none-eabi/lib/:/home/aselsan/Desktop/IMX7/toolchain/gcc-arm-none-eabi-4_9-2015q3/bin/../arm-none-eabi/lib/
COLLECT_GCC_OPTIONS='-specs=nosys.specs' '-O3' '-v' '-o' 'cmTC_dd07f'
 /home/aselsan/Desktop/IMX7/toolchain/gcc-arm-none-eabi-4_9-2015q3/bin/../lib/gcc/arm-none-eabi/4.9.3/collect2 -plugin /home/aselsan/Desktop/IMX7/toolchain/gcc-arm-none-eabi-4_9-2015q3/bin/../lib/gcc/arm-none-eabi/4.9.3/liblto_plugin.so -plugin-opt=/home/aselsan/Desktop/IMX7/toolchain/gcc-arm-none-eabi-4_9-2015q3/bin/../lib/gcc/arm-none-eabi/4.9.3/lto-wrapper -plugin-opt=-fresolution=/tmp/ccecuGpi.res -plugin-opt=-pass-through=-lgcc -plugin-opt=-pass-through=-lc -plugin-opt=-pass-through=-lgcc -plugin-opt=-pass-through=-lc -plugin-opt=-pass-through=-lnosys --sysroot=/home/aselsan/Desktop/IMX7/toolchain/gcc-arm-none-eabi-4_9-2015q3/bin/../arm-none-eabi -X -o cmTC_dd07f /home/aselsan/Desktop/IMX7/toolchain/gcc-arm-none-eabi-4_9-2015q3/bin/../lib/gcc/arm-none-eabi/4.9.3/crti.o /home/aselsan/Desktop/IMX7/toolchain/gcc-arm-none-eabi-4_9-2015q3/bin/../lib/gcc/arm-none-eabi/4.9.3/crtbegin.o /home/aselsan/Desktop/IMX7/toolchain/gcc-arm-none-eabi-4_9-2015q3/bin/../lib/gcc/arm-none-eabi/4.9.3/../../../../arm-none-eabi/lib/crt0.o -L/home/aselsan/Desktop/IMX7/toolchain/gcc-arm-none-eabi-4_9-2015q3/bin/../lib/gcc/arm-none-eabi/4.9.3 -L/home/aselsan/Desktop/IMX7/toolchain/gcc-arm-none-eabi-4_9-2015q3/bin/../lib/gcc -L/home/aselsan/Desktop/IMX7/toolchain/gcc-arm-none-eabi-4_9-2015q3/bin/../lib/gcc/arm-none-eabi/4.9.3/../../../../arm-none-eabi/lib -L/home/aselsan/Desktop/IMX7/toolchain/gcc-arm-none-eabi-4_9-2015q3/bin/../arm-none-eabi/lib CMakeFiles/cmTC_dd07f.dir/CMakeCCompilerABI.c.obj --start-group -lgcc -lc --end-group --start-group -lgcc -lc -lnosys --end-group /home/aselsan/Desktop/IMX7/toolchain/gcc-arm-none-eabi-4_9-2015q3/bin/../lib/gcc/arm-none-eabi/4.9.3/crtend.o /home/aselsan/Desktop/IMX7/toolchain/gcc-arm-none-eabi-4_9-2015q3/bin/../lib/gcc/arm-none-eabi/4.9.3/crtn.o
make[1]: Leaving directory '/home/aselsan/Desktop/IMX7/cortex_m4/freeRtos/freertos-colibri-imx7/examples/imx7_colibri_m4/demo_apps/hello_world/armgcc/release/CMakeFiles/CMakeTmp'



Parsed C implicit include dir info from above output: rv=done
  found start of include info
  found start of implicit include info
    add: [/home/aselsan/Desktop/IMX7/toolchain/gcc-arm-none-eabi-4_9-2015q3/bin/../lib/gcc/arm-none-eabi/4.9.3/include]
    add: [/home/aselsan/Desktop/IMX7/toolchain/gcc-arm-none-eabi-4_9-2015q3/bin/../lib/gcc/arm-none-eabi/4.9.3/include-fixed]
    add: [/home/aselsan/Desktop/IMX7/toolchain/gcc-arm-none-eabi-4_9-2015q3/bin/../lib/gcc/arm-none-eabi/4.9.3/../../../../arm-none-eabi/include]
  end of search list found
  collapse include dir [/home/aselsan/Desktop/IMX7/toolchain/gcc-arm-none-eabi-4_9-2015q3/bin/../lib/gcc/arm-none-eabi/4.9.3/include] ==> [/home/aselsan/Desktop/IMX7/toolchain/gcc-arm-none-eabi-4_9-2015q3/lib/gcc/arm-none-eabi/4.9.3/include]
  collapse include dir [/home/aselsan/Desktop/IMX7/toolchain/gcc-arm-none-eabi-4_9-2015q3/bin/../lib/gcc/arm-none-eabi/4.9.3/include-fixed] ==> [/home/aselsan/Desktop/IMX7/toolchain/gcc-arm-none-eabi-4_9-2015q3/lib/gcc/arm-none-eabi/4.9.3/include-fixed]
  collapse include dir [/home/aselsan/Desktop/IMX7/toolchain/gcc-arm-none-eabi-4_9-2015q3/bin/../lib/gcc/arm-none-eabi/4.9.3/../../../../arm-none-eabi/include] ==> [/home/aselsan/Desktop/IMX7/toolchain/gcc-arm-none-eabi-4_9-2015q3/arm-none-eabi/include]
  implicit include dirs: [/home/aselsan/Desktop/IMX7/toolchain/gcc-arm-none-eabi-4_9-2015q3/lib/gcc/arm-none-eabi/4.9.3/include;/home/aselsan/Desktop/IMX7/toolchain/gcc-arm-none-eabi-4_9-2015q3/lib/gcc/arm-none-eabi/4.9.3/include-fixed;/home/aselsan/Desktop/IMX7/toolchain/gcc-arm-none-eabi-4_9-2015q3/arm-none-eabi/include]


Parsed C implicit link information from above output:
  link line regex: [^( *|.*[/\])(arm-none-eabi-ld|CMAKE_LINK_STARTFILE-NOTFOUND|([^/\]+-)?ld|collect2)[^/\]*( |$)]
  ignore line: [Change Dir: /home/aselsan/Desktop/IMX7/cortex_m4/freeRtos/freertos-colibri-imx7/examples/imx7_colibri_m4/demo_apps/hello_world/armgcc/release/CMakeFiles/CMakeTmp]
  ignore line: []
  ignore line: [Run Build Command(s):/usr/bin/make cmTC_dd07f/fast && /usr/bin/make -f CMakeFiles/cmTC_dd07f.dir/build.make CMakeFiles/cmTC_dd07f.dir/build]
  ignore line: [make[1]: Entering directory '/home/aselsan/Desktop/IMX7/cortex_m4/freeRtos/freertos-colibri-imx7/examples/imx7_colibri_m4/demo_apps/hello_world/armgcc/release/CMakeFiles/CMakeTmp']
  ignore line: [Building C object CMakeFiles/cmTC_dd07f.dir/CMakeCCompilerABI.c.obj]
  ignore line: [/home/aselsan/Desktop/IMX7/toolchain/gcc-arm-none-eabi-4_9-2015q3/bin/arm-none-eabi-gcc   --specs=nosys.specs   -O3    -v -o CMakeFiles/cmTC_dd07f.dir/CMakeCCompilerABI.c.obj   -c /usr/share/cmake-3.16/Modules/CMakeCCompilerABI.c]
  ignore line: [Using built-in specs.]
  ignore line: [Reading specs from /home/aselsan/Desktop/IMX7/toolchain/gcc-arm-none-eabi-4_9-2015q3/bin/../lib/gcc/arm-none-eabi/4.9.3/../../../../arm-none-eabi/lib/nosys.specs]
  ignore line: [rename spec link_gcc_c_sequence to nosys_link_gcc_c_sequence]
  ignore line: [COLLECT_GCC=/home/aselsan/Desktop/IMX7/toolchain/gcc-arm-none-eabi-4_9-2015q3/bin/arm-none-eabi-gcc]
  ignore line: [Target: arm-none-eabi]
  ignore line: [Configured with: /home/build/work/GCC-4-9-build/src/gcc/configure --target=arm-none-eabi --prefix=/home/build/work/GCC-4-9-build/install-native --libexecdir=/home/build/work/GCC-4-9-build/install-native/lib --infodir=/home/build/work/GCC-4-9-build/install-native/share/doc/gcc-arm-none-eabi/info --mandir=/home/build/work/GCC-4-9-build/install-native/share/doc/gcc-arm-none-eabi/man --htmldir=/home/build/work/GCC-4-9-build/install-native/share/doc/gcc-arm-none-eabi/html --pdfdir=/home/build/work/GCC-4-9-build/install-native/share/doc/gcc-arm-none-eabi/pdf --enable-languages=c,c++ --enable-plugins --disable-decimal-float --disable-libffi --disable-libgomp --disable-libmudflap --disable-libquadmath --disable-libssp --disable-libstdcxx-pch --disable-nls --disable-shared --disable-threads --disable-tls --with-gnu-as --with-gnu-ld --with-newlib --with-headers=yes --with-python-dir=share/gcc-arm-none-eabi --with-sysroot=/home/build/work/GCC-4-9-build/install-native/arm-none-eabi --build=i686-linux-gnu --host=i686-linux-gnu --with-gmp=/home/build/work/GCC-4-9-build/build-native/host-libs/usr --with-mpfr=/home/build/work/GCC-4-9-build/build-native/host-libs/usr --with-mpc=/home/build/work/GCC-4-9-build/build-native/host-libs/usr --with-isl=/home/build/work/GCC-4-9-build/build-native/host-libs/usr --with-cloog=/home/build/work/GCC-4-9-build/build-native/host-libs/usr --with-libelf=/home/build/work/GCC-4-9-build/build-native/host-libs/usr --with-host-libstdcxx='-static-libgcc -Wl,-Bstatic,-lstdc++,-Bdynamic -lm' --with-pkgversion='GNU Tools for ARM Embedded Processors' --with-multilib-list=armv6-m,armv7-m,armv7e-m,cortex-m7,armv7-r]
  ignore line: [Thread model: single]
  ignore line: [gcc version 4.9.3 20150529 (release) [ARM/embedded-4_9-branch revision 227977] (GNU Tools for ARM Embedded Processors) ]
  ignore line: [COLLECT_GCC_OPTIONS='-specs=nosys.specs' '-O3' '-v' '-o' 'CMakeFiles/cmTC_dd07f.dir/CMakeCCompilerABI.c.obj' '-c']
  ignore line: [ /home/aselsan/Desktop/IMX7/toolchain/gcc-arm-none-eabi-4_9-2015q3/bin/../lib/gcc/arm-none-eabi/4.9.3/cc1 -quiet -v -iprefix /home/aselsan/Desktop/IMX7/toolchain/gcc-arm-none-eabi-4_9-2015q3/bin/../lib/gcc/arm-none-eabi/4.9.3/ -isysroot /home/aselsan/Desktop/IMX7/toolchain/gcc-arm-none-eabi-4_9-2015q3/bin/../arm-none-eabi -D__USES_INITFINI__ /usr/share/cmake-3.16/Modules/CMakeCCompilerABI.c -quiet -dumpbase CMakeCCompilerABI.c -auxbase-strip CMakeFiles/cmTC_dd07f.dir/CMakeCCompilerABI.c.obj -O3 -version -o /tmp/ccujpdcg.s]
  ignore line: [GNU C (GNU Tools for ARM Embedded Processors) version 4.9.3 20150529 (release) [ARM/embedded-4_9-branch revision 227977] (arm-none-eabi)]
  ignore line: [	compiled by GNU C version 4.7.4  GMP version 4.3.2  MPFR version 2.4.2  MPC version 0.8.1]
  ignore line: [GGC heuristics: --param ggc-min-expand=100 --param ggc-min-heapsize=131072]
  ignore line: [ignoring duplicate directory "/home/aselsan/Desktop/IMX7/toolchain/gcc-arm-none-eabi-4_9-2015q3/bin/../lib/gcc/../../lib/gcc/arm-none-eabi/4.9.3/include"]
  ignore line: [ignoring nonexistent directory "/home/aselsan/Desktop/IMX7/toolchain/gcc-arm-none-eabi-4_9-2015q3/bin/../arm-none-eabi/usr/local/include"]
  ignore line: [ignoring duplicate directory "/home/aselsan/Desktop/IMX7/toolchain/gcc-arm-none-eabi-4_9-2015q3/bin/../lib/gcc/../../lib/gcc/arm-none-eabi/4.9.3/include-fixed"]
  ignore line: [ignoring duplicate directory "/home/aselsan/Desktop/IMX7/toolchain/gcc-arm-none-eabi-4_9-2015q3/bin/../lib/gcc/../../lib/gcc/arm-none-eabi/4.9.3/../../../../arm-none-eabi/include"]
  ignore line: [ignoring nonexistent directory "/home/aselsan/Desktop/IMX7/toolchain/gcc-arm-none-eabi-4_9-2015q3/bin/../arm-none-eabi/usr/include"]
  ignore line: [#include "..." search starts here:]
  ignore line: [#include <...> search starts here:]
  ignore line: [ /home/aselsan/Desktop/IMX7/toolchain/gcc-arm-none-eabi-4_9-2015q3/bin/../lib/gcc/arm-none-eabi/4.9.3/include]
  ignore line: [ /home/aselsan/Desktop/IMX7/toolchain/gcc-arm-none-eabi-4_9-2015q3/bin/../lib/gcc/arm-none-eabi/4.9.3/include-fixed]
  ignore line: [ /home/aselsan/Desktop/IMX7/toolchain/gcc-arm-none-eabi-4_9-2015q3/bin/../lib/gcc/arm-none-eabi/4.9.3/../../../../arm-none-eabi/include]
  ignore line: [End of search list.]
  ignore line: [GNU C (GNU Tools for ARM Embedded Processors) version 4.9.3 20150529 (release) [ARM/embedded-4_9-branch revision 227977] (arm-none-eabi)]
  ignore line: [	compiled by GNU C version 4.7.4  GMP version 4.3.2  MPFR version 2.4.2  MPC version 0.8.1]
  ignore line: [GGC heuristics: --param ggc-min-expand=100 --param ggc-min-heapsize=131072]
  ignore line: [Compiler executable checksum: 23ae9d7553dfa09bbef2d3a65686f7ef]
  ignore line: [COLLECT_GCC_OPTIONS='-specs=nosys.specs' '-O3' '-v' '-o' 'CMakeFiles/cmTC_dd07f.dir/CMakeCCompilerABI.c.obj' '-c']
  ignore line: [ /home/aselsan/Desktop/IMX7/toolchain/gcc-arm-none-eabi-4_9-2015q3/bin/../lib/gcc/arm-none-eabi/4.9.3/../../../../arm-none-eabi/bin/as -v -meabi=5 -o CMakeFiles/cmTC_dd07f.dir/CMakeCCompilerABI.c.obj /tmp/ccujpdcg.s]
  ignore line: [GNU assembler version 2.24.0 (arm-none-eabi) using BFD version (GNU Tools for ARM Embedded Processors) 2.24.0.20150921]
  ignore line: [COMPILER_PATH=/home/aselsan/Desktop/IMX7/toolchain/gcc-arm-none-eabi-4_9-2015q3/bin/../lib/gcc/arm-none-eabi/4.9.3/:/home/aselsan/Desktop/IMX7/toolchain/gcc-arm-none-eabi-4_9-2015q3/bin/../lib/gcc/:/home/aselsan/Desktop/IMX7/toolchain/gcc-arm-none-eabi-4_9-2015q3/bin/../lib/gcc/arm-none-eabi/4.9.3/../../../../arm-none-eabi/bin/]
  ignore line: [LIBRARY_PATH=/home/aselsan/Desktop/IMX7/toolchain/gcc-arm-none-eabi-4_9-2015q3/bin/../lib/gcc/arm-none-eabi/4.9.3/:/home/aselsan/Desktop/IMX7/toolchain/gcc-arm-none-eabi-4_9-2015q3/bin/../lib/gcc/:/home/aselsan/Desktop/IMX7/toolchain/gcc-arm-none-eabi-4_9-2015q3/bin/../lib/gcc/arm-none-eabi/4.9.3/../../../../arm-none-eabi/lib/:/home/aselsan/Desktop/IMX7/toolchain/gcc-arm-none-eabi-4_9-2015q3/bin/../arm-none-eabi/lib/]
  ignore line: [COLLECT_GCC_OPTIONS='-specs=nosys.specs' '-O3' '-v' '-o' 'CMakeFiles/cmTC_dd07f.dir/CMakeCCompilerABI.c.obj' '-c']
  ignore line: [Linking C executable cmTC_dd07f]
  ignore line: [/usr/bin/cmake -E cmake_link_script CMakeFiles/cmTC_dd07f.dir/link.txt --verbose=1]
  ignore line: [/home/aselsan/Desktop/IMX7/toolchain/gcc-arm-none-eabi-4_9-2015q3/bin/arm-none-eabi-gcc --specs=nosys.specs   -O3    -v CMakeFiles/cmTC_dd07f.dir/CMakeCCompilerABI.c.obj  -o cmTC_dd07f ]
  ignore line: [Using built-in specs.]
  ignore line: [Reading specs from /home/aselsan/Desktop/IMX7/toolchain/gcc-arm-none-eabi-4_9-2015q3/bin/../lib/gcc/arm-none-eabi/4.9.3/../../../../arm-none-eabi/lib/nosys.specs]
  ignore line: [rename spec link_gcc_c_sequence to nosys_link_gcc_c_sequence]
  ignore line: [COLLECT_GCC=/home/aselsan/Desktop/IMX7/toolchain/gcc-arm-none-eabi-4_9-2015q3/bin/arm-none-eabi-gcc]
  ignore line: [COLLECT_LTO_WRAPPER=/home/aselsan/Desktop/IMX7/toolchain/gcc-arm-none-eabi-4_9-2015q3/bin/../lib/gcc/arm-none-eabi/4.9.3/lto-wrapper]
  ignore line: [Target: arm-none-eabi]
  ignore line: [Configured with: /home/build/work/GCC-4-9-build/src/gcc/configure --target=arm-none-eabi --prefix=/home/build/work/GCC-4-9-build/install-native --libexecdir=/home/build/work/GCC-4-9-build/install-native/lib --infodir=/home/build/work/GCC-4-9-build/install-native/share/doc/gcc-arm-none-eabi/info --mandir=/home/build/work/GCC-4-9-build/install-native/share/doc/gcc-arm-none-eabi/man --htmldir=/home/build/work/GCC-4-9-build/install-native/share/doc/gcc-arm-none-eabi/html --pdfdir=/home/build/work/GCC-4-9-build/install-native/share/doc/gcc-arm-none-eabi/pdf --enable-languages=c,c++ --enable-plugins --disable-decimal-float --disable-libffi --disable-libgomp --disable-libmudflap --disable-libquadmath --disable-libssp --disable-libstdcxx-pch --disable-nls --disable-shared --disable-threads --disable-tls --with-gnu-as --with-gnu-ld --with-newlib --with-headers=yes --with-python-dir=share/gcc-arm-none-eabi --with-sysroot=/home/build/work/GCC-4-9-build/install-native/arm-none-eabi --build=i686-linux-gnu --host=i686-linux-gnu --with-gmp=/home/build/work/GCC-4-9-build/build-native/host-libs/usr --with-mpfr=/home/build/work/GCC-4-9-build/build-native/host-libs/usr --with-mpc=/home/build/work/GCC-4-9-build/build-native/host-libs/usr --with-isl=/home/build/work/GCC-4-9-build/build-native/host-libs/usr --with-cloog=/home/build/work/GCC-4-9-build/build-native/host-libs/usr --with-libelf=/home/build/work/GCC-4-9-build/build-native/host-libs/usr --with-host-libstdcxx='-static-libgcc -Wl,-Bstatic,-lstdc++,-Bdynamic -lm' --with-pkgversion='GNU Tools for ARM Embedded Processors' --with-multilib-list=armv6-m,armv7-m,armv7e-m,cortex-m7,armv7-r]
  ignore line: [Thread model: single]
  ignore line: [gcc version 4.9.3 20150529 (release) [ARM/embedded-4_9-branch revision 227977] (GNU Tools for ARM Embedded Processors) ]
  ignore line: [COMPILER_PATH=/home/aselsan/Desktop/IMX7/toolchain/gcc-arm-none-eabi-4_9-2015q3/bin/../lib/gcc/arm-none-eabi/4.9.3/:/home/aselsan/Desktop/IMX7/toolchain/gcc-arm-none-eabi-4_9-2015q3/bin/../lib/gcc/:/home/aselsan/Desktop/IMX7/toolchain/gcc-arm-none-eabi-4_9-2015q3/bin/../lib/gcc/arm-none-eabi/4.9.3/../../../../arm-none-eabi/bin/]
  ignore line: [LIBRARY_PATH=/home/aselsan/Desktop/IMX7/toolchain/gcc-arm-none-eabi-4_9-2015q3/bin/../lib/gcc/arm-none-eabi/4.9.3/:/home/aselsan/Desktop/IMX7/toolchain/gcc-arm-none-eabi-4_9-2015q3/bin/../lib/gcc/:/home/aselsan/Desktop/IMX7/toolchain/gcc-arm-none-eabi-4_9-2015q3/bin/../lib/gcc/arm-none-eabi/4.9.3/../../../../arm-none-eabi/lib/:/home/aselsan/Desktop/IMX7/toolchain/gcc-arm-none-eabi-4_9-2015q3/bin/../arm-none-eabi/lib/]
  ignore line: [COLLECT_GCC_OPTIONS='-specs=nosys.specs' '-O3' '-v' '-o' 'cmTC_dd07f']
  link line: [ /home/aselsan/Desktop/IMX7/toolchain/gcc-arm-none-eabi-4_9-2015q3/bin/../lib/gcc/arm-none-eabi/4.9.3/collect2 -plugin /home/aselsan/Desktop/IMX7/toolchain/gcc-arm-none-eabi-4_9-2015q3/bin/../lib/gcc/arm-none-eabi/4.9.3/liblto_plugin.so -plugin-opt=/home/aselsan/Desktop/IMX7/toolchain/gcc-arm-none-eabi-4_9-2015q3/bin/../lib/gcc/arm-none-eabi/4.9.3/lto-wrapper -plugin-opt=-fresolution=/tmp/ccecuGpi.res -plugin-opt=-pass-through=-lgcc -plugin-opt=-pass-through=-lc -plugin-opt=-pass-through=-lgcc -plugin-opt=-pass-through=-lc -plugin-opt=-pass-through=-lnosys --sysroot=/home/aselsan/Desktop/IMX7/toolchain/gcc-arm-none-eabi-4_9-2015q3/bin/../arm-none-eabi -X -o cmTC_dd07f /home/aselsan/Desktop/IMX7/toolchain/gcc-arm-none-eabi-4_9-2015q3/bin/../lib/gcc/arm-none-eabi/4.9.3/crti.o /home/aselsan/Desktop/IMX7/toolchain/gcc-arm-none-eabi-4_9-2015q3/bin/../lib/gcc/arm-none-eabi/4.9.3/crtbegin.o /home/aselsan/Desktop/IMX7/toolchain/gcc-arm-none-eabi-4_9-2015q3/bin/../lib/gcc/arm-none-eabi/4.9.3/../../../../arm-none-eabi/lib/crt0.o -L/home/aselsan/Desktop/IMX7/toolchain/gcc-arm-none-eabi-4_9-2015q3/bin/../lib/gcc/arm-none-eabi/4.9.3 -L/home/aselsan/Desktop/IMX7/toolchain/gcc-arm-none-eabi-4_9-2015q3/bin/../lib/gcc -L/home/aselsan/Desktop/IMX7/toolchain/gcc-arm-none-eabi-4_9-2015q3/bin/../lib/gcc/arm-none-eabi/4.9.3/../../../../arm-none-eabi/lib -L/home/aselsan/Desktop/IMX7/toolchain/gcc-arm-none-eabi-4_9-2015q3/bin/../arm-none-eabi/lib CMakeFiles/cmTC_dd07f.dir/CMakeCCompilerABI.c.obj --start-group -lgcc -lc --end-group --start-group -lgcc -lc -lnosys --end-group /home/aselsan/Desktop/IMX7/toolchain/gcc-arm-none-eabi-4_9-2015q3/bin/../lib/gcc/arm-none-eabi/4.9.3/crtend.o /home/aselsan/Desktop/IMX7/toolchain/gcc-arm-none-eabi-4_9-2015q3/bin/../lib/gcc/arm-none-eabi/4.9.3/crtn.o]
    arg [/home/aselsan/Desktop/IMX7/toolchain/gcc-arm-none-eabi-4_9-2015q3/bin/../lib/gcc/arm-none-eabi/4.9.3/collect2] ==> ignore
    arg [-plugin] ==> ignore
    arg [/home/aselsan/Desktop/IMX7/toolchain/gcc-arm-none-eabi-4_9-2015q3/bin/../lib/gcc/arm-none-eabi/4.9.3/liblto_plugin.so] ==> ignore
    arg [-plugin-opt=/home/aselsan/Desktop/IMX7/toolchain/gcc-arm-none-eabi-4_9-2015q3/bin/../lib/gcc/arm-none-eabi/4.9.3/lto-wrapper] ==> ignore
    arg [-plugin-opt=-fresolution=/tmp/ccecuGpi.res] ==> ignore
    arg [-plugin-opt=-pass-through=-lgcc] ==> ignore
    arg [-plugin-opt=-pass-through=-lc] ==> ignore
    arg [-plugin-opt=-pass-through=-lgcc] ==> ignore
    arg [-plugin-opt=-pass-through=-lc] ==> ignore
    arg [-plugin-opt=-pass-through=-lnosys] ==> ignore
    arg [--sysroot=/home/aselsan/Desktop/IMX7/toolchain/gcc-arm-none-eabi-4_9-2015q3/bin/../arm-none-eabi] ==> ignore
    arg [-X] ==> ignore
    arg [-o] ==> ignore
    arg [cmTC_dd07f] ==> ignore
    arg [/home/aselsan/Desktop/IMX7/toolchain/gcc-arm-none-eabi-4_9-2015q3/bin/../lib/gcc/arm-none-eabi/4.9.3/crti.o] ==> ignore
    arg [/home/aselsan/Desktop/IMX7/toolchain/gcc-arm-none-eabi-4_9-2015q3/bin/../lib/gcc/arm-none-eabi/4.9.3/crtbegin.o] ==> ignore
    arg [/home/aselsan/Desktop/IMX7/toolchain/gcc-arm-none-eabi-4_9-2015q3/bin/../lib/gcc/arm-none-eabi/4.9.3/../../../../arm-none-eabi/lib/crt0.o] ==> ignore
    arg [-L/home/aselsan/Desktop/IMX7/toolchain/gcc-arm-none-eabi-4_9-2015q3/bin/../lib/gcc/arm-none-eabi/4.9.3] ==> dir [/home/aselsan/Desktop/IMX7/toolchain/gcc-arm-none-eabi-4_9-2015q3/bin/../lib/gcc/arm-none-eabi/4.9.3]
    arg [-L/home/aselsan/Desktop/IMX7/toolchain/gcc-arm-none-eabi-4_9-2015q3/bin/../lib/gcc] ==> dir [/home/aselsan/Desktop/IMX7/toolchain/gcc-arm-none-eabi-4_9-2015q3/bin/../lib/gcc]
    arg [-L/home/aselsan/Desktop/IMX7/toolchain/gcc-arm-none-eabi-4_9-2015q3/bin/../lib/gcc/arm-none-eabi/4.9.3/../../../../arm-none-eabi/lib] ==> dir [/home/aselsan/Desktop/IMX7/toolchain/gcc-arm-none-eabi-4_9-2015q3/bin/../lib/gcc/arm-none-eabi/4.9.3/../../../../arm-none-eabi/lib]
    arg [-L/home/aselsan/Desktop/IMX7/toolchain/gcc-arm-none-eabi-4_9-2015q3/bin/../arm-none-eabi/lib] ==> dir [/home/aselsan/Desktop/IMX7/toolchain/gcc-arm-none-eabi-4_9-2015q3/bin/../arm-none-eabi/lib]
    arg [CMakeFiles/cmTC_dd07f.dir/CMakeCCompilerABI.c.obj] ==> ignore
    arg [--start-group] ==> ignore
    arg [-lgcc] ==> lib [gcc]
    arg [-lc] ==> lib [c]
    arg [--end-group] ==> ignore
    arg [--start-group] ==> ignore
    arg [-lgcc] ==> lib [gcc]
    arg [-lc] ==> lib [c]
    arg [-lnosys] ==> lib [nosys]
    arg [--end-group] ==> ignore
    arg [/home/aselsan/Desktop/IMX7/toolchain/gcc-arm-none-eabi-4_9-2015q3/bin/../lib/gcc/arm-none-eabi/4.9.3/crtend.o] ==> ignore
    arg [/home/aselsan/Desktop/IMX7/toolchain/gcc-arm-none-eabi-4_9-2015q3/bin/../lib/gcc/arm-none-eabi/4.9.3/crtn.o] ==> ignore
  collapse library dir [/home/aselsan/Desktop/IMX7/toolchain/gcc-arm-none-eabi-4_9-2015q3/bin/../lib/gcc/arm-none-eabi/4.9.3] ==> [/home/aselsan/Desktop/IMX7/toolchain/gcc-arm-none-eabi-4_9-2015q3/lib/gcc/arm-none-eabi/4.9.3]
  collapse library dir [/home/aselsan/Desktop/IMX7/toolchain/gcc-arm-none-eabi-4_9-2015q3/bin/../lib/gcc] ==> [/home/aselsan/Desktop/IMX7/toolchain/gcc-arm-none-eabi-4_9-2015q3/lib/gcc]
  collapse library dir [/home/aselsan/Desktop/IMX7/toolchain/gcc-arm-none-eabi-4_9-2015q3/bin/../lib/gcc/arm-none-eabi/4.9.3/../../../../arm-none-eabi/lib] ==> [/home/aselsan/Desktop/IMX7/toolchain/gcc-arm-none-eabi-4_9-2015q3/arm-none-eabi/lib]
  collapse library dir [/home/aselsan/Desktop/IMX7/toolchain/gcc-arm-none-eabi-4_9-2015q3/bin/../arm-none-eabi/lib] ==> [/home/aselsan/Desktop/IMX7/toolchain/gcc-arm-none-eabi-4_9-2015q3/arm-none-eabi/lib]
  implicit libs: [gcc;c;gcc;c;nosys]
  implicit dirs: [/home/aselsan/Desktop/IMX7/toolchain/gcc-arm-none-eabi-4_9-2015q3/lib/gcc/arm-none-eabi/4.9.3;/home/aselsan/Desktop/IMX7/toolchain/gcc-arm-none-eabi-4_9-2015q3/lib/gcc;/home/aselsan/Desktop/IMX7/toolchain/gcc-arm-none-eabi-4_9-2015q3/arm-none-eabi/lib]
  implicit fwks: []


Determining if the CXX compiler works passed with the following output:
Change Dir: /home/aselsan/Desktop/IMX7/cortex_m4/freeRtos/freertos-colibri-imx7/examples/imx7_colibri_m4/demo_apps/hello_world/armgcc/release/CMakeFiles/CMakeTmp

Run Build Command(s):/usr/bin/make cmTC_fc8bb/fast && /usr/bin/make -f CMakeFiles/cmTC_fc8bb.dir/build.make CMakeFiles/cmTC_fc8bb.dir/build
make[1]: Entering directory '/home/aselsan/Desktop/IMX7/cortex_m4/freeRtos/freertos-colibri-imx7/examples/imx7_colibri_m4/demo_apps/hello_world/armgcc/release/CMakeFiles/CMakeTmp'
Building CXX object CMakeFiles/cmTC_fc8bb.dir/testCXXCompiler.cxx.obj
/home/aselsan/Desktop/IMX7/toolchain/gcc-arm-none-eabi-4_9-2015q3/bin/arm-none-eabi-g++    --specs=nosys.specs   -O3    -o CMakeFiles/cmTC_fc8bb.dir/testCXXCompiler.cxx.obj -c /home/aselsan/Desktop/IMX7/cortex_m4/freeRtos/freertos-colibri-imx7/examples/imx7_colibri_m4/demo_apps/hello_world/armgcc/release/CMakeFiles/CMakeTmp/testCXXCompiler.cxx
Linking CXX executable cmTC_fc8bb
/usr/bin/cmake -E cmake_link_script CMakeFiles/cmTC_fc8bb.dir/link.txt --verbose=1
/home/aselsan/Desktop/IMX7/toolchain/gcc-arm-none-eabi-4_9-2015q3/bin/arm-none-eabi-g++  --specs=nosys.specs   -O3     CMakeFiles/cmTC_fc8bb.dir/testCXXCompiler.cxx.obj  -o cmTC_fc8bb 
make[1]: Leaving directory '/home/aselsan/Desktop/IMX7/cortex_m4/freeRtos/freertos-colibri-imx7/examples/imx7_colibri_m4/demo_apps/hello_world/armgcc/release/CMakeFiles/CMakeTmp'



Detecting CXX compiler ABI info compiled with the following output:
Change Dir: /home/aselsan/Desktop/IMX7/cortex_m4/freeRtos/freertos-colibri-imx7/examples/imx7_colibri_m4/demo_apps/hello_world/armgcc/release/CMakeFiles/CMakeTmp

Run Build Command(s):/usr/bin/make cmTC_c27fe/fast && /usr/bin/make -f CMakeFiles/cmTC_c27fe.dir/build.make CMakeFiles/cmTC_c27fe.dir/build
make[1]: Entering directory '/home/aselsan/Desktop/IMX7/cortex_m4/freeRtos/freertos-colibri-imx7/examples/imx7_colibri_m4/demo_apps/hello_world/armgcc/release/CMakeFiles/CMakeTmp'
Building CXX object CMakeFiles/cmTC_c27fe.dir/CMakeCXXCompilerABI.cpp.obj
/home/aselsan/Desktop/IMX7/toolchain/gcc-arm-none-eabi-4_9-2015q3/bin/arm-none-eabi-g++    --specs=nosys.specs   -O3    -v -o CMakeFiles/cmTC_c27fe.dir/CMakeCXXCompilerABI.cpp.obj -c /usr/share/cmake-3.16/Modules/CMakeCXXCompilerABI.cpp
Using built-in specs.
Reading specs from /home/aselsan/Desktop/IMX7/toolchain/gcc-arm-none-eabi-4_9-2015q3/bin/../lib/gcc/arm-none-eabi/4.9.3/../../../../arm-none-eabi/lib/nosys.specs
rename spec link_gcc_c_sequence to nosys_link_gcc_c_sequence
COLLECT_GCC=/home/aselsan/Desktop/IMX7/toolchain/gcc-arm-none-eabi-4_9-2015q3/bin/arm-none-eabi-g++
Target: arm-none-eabi
Configured with: /home/build/work/GCC-4-9-build/src/gcc/configure --target=arm-none-eabi --prefix=/home/build/work/GCC-4-9-build/install-native --libexecdir=/home/build/work/GCC-4-9-build/install-native/lib --infodir=/home/build/work/GCC-4-9-build/install-native/share/doc/gcc-arm-none-eabi/info --mandir=/home/build/work/GCC-4-9-build/install-native/share/doc/gcc-arm-none-eabi/man --htmldir=/home/build/work/GCC-4-9-build/install-native/share/doc/gcc-arm-none-eabi/html --pdfdir=/home/build/work/GCC-4-9-build/install-native/share/doc/gcc-arm-none-eabi/pdf --enable-languages=c,c++ --enable-plugins --disable-decimal-float --disable-libffi --disable-libgomp --disable-libmudflap --disable-libquadmath --disable-libssp --disable-libstdcxx-pch --disable-nls --disable-shared --disable-threads --disable-tls --with-gnu-as --with-gnu-ld --with-newlib --with-headers=yes --with-python-dir=share/gcc-arm-none-eabi --with-sysroot=/home/build/work/GCC-4-9-build/install-native/arm-none-eabi --build=i686-linux-gnu --host=i686-linux-gnu --with-gmp=/home/build/work/GCC-4-9-build/build-native/host-libs/usr --with-mpfr=/home/build/work/GCC-4-9-build/build-native/host-libs/usr --with-mpc=/home/build/work/GCC-4-9-build/build-native/host-libs/usr --with-isl=/home/build/work/GCC-4-9-build/build-native/host-libs/usr --with-cloog=/home/build/work/GCC-4-9-build/build-native/host-libs/usr --with-libelf=/home/build/work/GCC-4-9-build/build-native/host-libs/usr --with-host-libstdcxx='-static-libgcc -Wl,-Bstatic,-lstdc++,-Bdynamic -lm' --with-pkgversion='GNU Tools for ARM Embedded Processors' --with-multilib-list=armv6-m,armv7-m,armv7e-m,cortex-m7,armv7-r
Thread model: single
gcc version 4.9.3 20150529 (release) [ARM/embedded-4_9-branch revision 227977] (GNU Tools for ARM Embedded Processors) 
COLLECT_GCC_OPTIONS='-specs=nosys.specs' '-O3' '-v' '-o' 'CMakeFiles/cmTC_c27fe.dir/CMakeCXXCompilerABI.cpp.obj' '-c'
 /home/aselsan/Desktop/IMX7/toolchain/gcc-arm-none-eabi-4_9-2015q3/bin/../lib/gcc/arm-none-eabi/4.9.3/cc1plus -quiet -v -iprefix /home/aselsan/Desktop/IMX7/toolchain/gcc-arm-none-eabi-4_9-2015q3/bin/../lib/gcc/arm-none-eabi/4.9.3/ -isysroot /home/aselsan/Desktop/IMX7/toolchain/gcc-arm-none-eabi-4_9-2015q3/bin/../arm-none-eabi -D__USES_INITFINI__ /usr/share/cmake-3.16/Modules/CMakeCXXCompilerABI.cpp -quiet -dumpbase CMakeCXXCompilerABI.cpp -auxbase-strip CMakeFiles/cmTC_c27fe.dir/CMakeCXXCompilerABI.cpp.obj -O3 -version -o /tmp/ccqufcYp.s
GNU C++ (GNU Tools for ARM Embedded Processors) version 4.9.3 20150529 (release) [ARM/embedded-4_9-branch revision 227977] (arm-none-eabi)
	compiled by GNU C version 4.7.4, GMP version 4.3.2, MPFR version 2.4.2, MPC version 0.8.1
GGC heuristics: --param ggc-min-expand=100 --param ggc-min-heapsize=131072
ignoring duplicate directory "/home/aselsan/Desktop/IMX7/toolchain/gcc-arm-none-eabi-4_9-2015q3/bin/../lib/gcc/../../lib/gcc/arm-none-eabi/4.9.3/../../../../arm-none-eabi/include/c++/4.9.3"
ignoring duplicate directory "/home/aselsan/Desktop/IMX7/toolchain/gcc-arm-none-eabi-4_9-2015q3/bin/../lib/gcc/../../lib/gcc/arm-none-eabi/4.9.3/../../../../arm-none-eabi/include/c++/4.9.3/arm-none-eabi"
ignoring duplicate directory "/home/aselsan/Desktop/IMX7/toolchain/gcc-arm-none-eabi-4_9-2015q3/bin/../lib/gcc/../../lib/gcc/arm-none-eabi/4.9.3/../../../../arm-none-eabi/include/c++/4.9.3/backward"
ignoring duplicate directory "/home/aselsan/Desktop/IMX7/toolchain/gcc-arm-none-eabi-4_9-2015q3/bin/../lib/gcc/../../lib/gcc/arm-none-eabi/4.9.3/include"
ignoring nonexistent directory "/home/aselsan/Desktop/IMX7/toolchain/gcc-arm-none-eabi-4_9-2015q3/bin/../arm-none-eabi/usr/local/include"
ignoring duplicate directory "/home/aselsan/Desktop/IMX7/toolchain/gcc-arm-none-eabi-4_9-2015q3/bin/../lib/gcc/../../lib/gcc/arm-none-eabi/4.9.3/include-fixed"
ignoring duplicate directory "/home/aselsan/Desktop/IMX7/toolchain/gcc-arm-none-eabi-4_9-2015q3/bin/../lib/gcc/../../lib/gcc/arm-none-eabi/4.9.3/../../../../arm-none-eabi/include"
ignoring nonexistent directory "/home/aselsan/Desktop/IMX7/toolchain/gcc-arm-none-eabi-4_9-2015q3/bin/../arm-none-eabi/usr/include"
#include "..." search starts here:
#include <...> search starts here:
 /home/aselsan/Desktop/IMX7/toolchain/gcc-arm-none-eabi-4_9-2015q3/bin/../lib/gcc/arm-none-eabi/4.9.3/../../../../arm-none-eabi/include/c++/4.9.3
 /home/aselsan/Desktop/IMX7/toolchain/gcc-arm-none-eabi-4_9-2015q3/bin/../lib/gcc/arm-none-eabi/4.9.3/../../../../arm-none-eabi/include/c++/4.9.3/arm-none-eabi
 /home/aselsan/Desktop/IMX7/toolchain/gcc-arm-none-eabi-4_9-2015q3/bin/../lib/gcc/arm-none-eabi/4.9.3/../../../../arm-none-eabi/include/c++/4.9.3/backward
 /home/aselsan/Desktop/IMX7/toolchain/gcc-arm-none-eabi-4_9-2015q3/bin/../lib/gcc/arm-none-eabi/4.9.3/include
 /home/aselsan/Desktop/IMX7/toolchain/gcc-arm-none-eabi-4_9-2015q3/bin/../lib/gcc/arm-none-eabi/4.9.3/include-fixed
 /home/aselsan/Desktop/IMX7/toolchain/gcc-arm-none-eabi-4_9-2015q3/bin/../lib/gcc/arm-none-eabi/4.9.3/../../../../arm-none-eabi/include
End of search list.
GNU C++ (GNU Tools for ARM Embedded Processors) version 4.9.3 20150529 (release) [ARM/embedded-4_9-branch revision 227977] (arm-none-eabi)
	compiled by GNU C version 4.7.4, GMP version 4.3.2, MPFR version 2.4.2, MPC version 0.8.1
GGC heuristics: --param ggc-min-expand=100 --param ggc-min-heapsize=131072
Compiler executable checksum: b2a48e419865560d4c520822e41296e7
COLLECT_GCC_OPTIONS='-specs=nosys.specs' '-O3' '-v' '-o' 'CMakeFiles/cmTC_c27fe.dir/CMakeCXXCompilerABI.cpp.obj' '-c'
 /home/aselsan/Desktop/IMX7/toolchain/gcc-arm-none-eabi-4_9-2015q3/bin/../lib/gcc/arm-none-eabi/4.9.3/../../../../arm-none-eabi/bin/as -v -meabi=5 -o CMakeFiles/cmTC_c27fe.dir/CMakeCXXCompilerABI.cpp.obj /tmp/ccqufcYp.s
GNU assembler version 2.24.0 (arm-none-eabi) using BFD version (GNU Tools for ARM Embedded Processors) 2.24.0.20150921
COMPILER_PATH=/home/aselsan/Desktop/IMX7/toolchain/gcc-arm-none-eabi-4_9-2015q3/bin/../lib/gcc/arm-none-eabi/4.9.3/:/home/aselsan/Desktop/IMX7/toolchain/gcc-arm-none-eabi-4_9-2015q3/bin/../lib/gcc/:/home/aselsan/Desktop/IMX7/toolchain/gcc-arm-none-eabi-4_9-2015q3/bin/../lib/gcc/arm-none-eabi/4.9.3/../../../../arm-none-eabi/bin/
LIBRARY_PATH=/home/aselsan/Desktop/IMX7/toolchain/gcc-arm-none-eabi-4_9-2015q3/bin/../lib/gcc/arm-none-eabi/4.9.3/:/home/aselsan/Desktop/IMX7/toolchain/gcc-arm-none-eabi-4_9-2015q3/bin/../lib/gcc/:/home/aselsan/Desktop/IMX7/toolchain/gcc-arm-none-eabi-4_9-2015q3/bin/../lib/gcc/arm-none-eabi/4.9.3/../../../../arm-none-eabi/lib/:/home/aselsan/Desktop/IMX7/toolchain/gcc-arm-none-eabi-4_9-2015q3/bin/../arm-none-eabi/lib/
COLLECT_GCC_OPTIONS='-specs=nosys.specs' '-O3' '-v' '-o' 'CMakeFiles/cmTC_c27fe.dir/CMakeCXXCompilerABI.cpp.obj' '-c'
Linking CXX executable cmTC_c27fe
/usr/bin/cmake -E cmake_link_script CMakeFiles/cmTC_c27fe.dir/link.txt --verbose=1
/home/aselsan/Desktop/IMX7/toolchain/gcc-arm-none-eabi-4_9-2015q3/bin/arm-none-eabi-g++  --specs=nosys.specs   -O3    -v CMakeFiles/cmTC_c27fe.dir/CMakeCXXCompilerABI.cpp.obj  -o cmTC_c27fe 
Using built-in specs.
Reading specs from /home/aselsan/Desktop/IMX7/toolchain/gcc-arm-none-eabi-4_9-2015q3/bin/../lib/gcc/arm-none-eabi/4.9.3/../../../../arm-none-eabi/lib/nosys.specs
rename spec link_gcc_c_sequence to nosys_link_gcc_c_sequence
COLLECT_GCC=/home/aselsan/Desktop/IMX7/toolchain/gcc-arm-none-eabi-4_9-2015q3/bin/arm-none-eabi-g++
COLLECT_LTO_WRAPPER=/home/aselsan/Desktop/IMX7/toolchain/gcc-arm-none-eabi-4_9-2015q3/bin/../lib/gcc/arm-none-eabi/4.9.3/lto-wrapper
Target: arm-none-eabi
Configured with: /home/build/work/GCC-4-9-build/src/gcc/configure --target=arm-none-eabi --prefix=/home/build/work/GCC-4-9-build/install-native --libexecdir=/home/build/work/GCC-4-9-build/install-native/lib --infodir=/home/build/work/GCC-4-9-build/install-native/share/doc/gcc-arm-none-eabi/info --mandir=/home/build/work/GCC-4-9-build/install-native/share/doc/gcc-arm-none-eabi/man --htmldir=/home/build/work/GCC-4-9-build/install-native/share/doc/gcc-arm-none-eabi/html --pdfdir=/home/build/work/GCC-4-9-build/install-native/share/doc/gcc-arm-none-eabi/pdf --enable-languages=c,c++ --enable-plugins --disable-decimal-float --disable-libffi --disable-libgomp --disable-libmudflap --disable-libquadmath --disable-libssp --disable-libstdcxx-pch --disable-nls --disable-shared --disable-threads --disable-tls --with-gnu-as --with-gnu-ld --with-newlib --with-headers=yes --with-python-dir=share/gcc-arm-none-eabi --with-sysroot=/home/build/work/GCC-4-9-build/install-native/arm-none-eabi --build=i686-linux-gnu --host=i686-linux-gnu --with-gmp=/home/build/work/GCC-4-9-build/build-native/host-libs/usr --with-mpfr=/home/build/work/GCC-4-9-build/build-native/host-libs/usr --with-mpc=/home/build/work/GCC-4-9-build/build-native/host-libs/usr --with-isl=/home/build/work/GCC-4-9-build/build-native/host-libs/usr --with-cloog=/home/build/work/GCC-4-9-build/build-native/host-libs/usr --with-libelf=/home/build/work/GCC-4-9-build/build-native/host-libs/usr --with-host-libstdcxx='-static-libgcc -Wl,-Bstatic,-lstdc++,-Bdynamic -lm' --with-pkgversion='GNU Tools for ARM Embedded Processors' --with-multilib-list=armv6-m,armv7-m,armv7e-m,cortex-m7,armv7-r
Thread model: single
gcc version 4.9.3 20150529 (release) [ARM/embedded-4_9-branch revision 227977] (GNU Tools for ARM Embedded Processors) 
COMPILER_PATH=/home/aselsan/Desktop/IMX7/toolchain/gcc-arm-none-eabi-4_9-2015q3/bin/../lib/gcc/arm-none-eabi/4.9.3/:/home/aselsan/Desktop/IMX7/toolchain/gcc-arm-none-eabi-4_9-2015q3/bin/../lib/gcc/:/home/aselsan/Desktop/IMX7/toolchain/gcc-arm-none-eabi-4_9-2015q3/bin/../lib/gcc/arm-none-eabi/4.9.3/../../../../arm-none-eabi/bin/
LIBRARY_PATH=/home/aselsan/Desktop/IMX7/toolchain/gcc-arm-none-eabi-4_9-2015q3/bin/../lib/gcc/arm-none-eabi/4.9.3/:/home/aselsan/Desktop/IMX7/toolchain/gcc-arm-none-eabi-4_9-2015q3/bin/../lib/gcc/:/home/aselsan/Desktop/IMX7/toolchain/gcc-arm-none-eabi-4_9-2015q3/bin/../lib/gcc/arm-none-eabi/4.9.3/../../../../arm-none-eabi/lib/:/home/aselsan/Desktop/IMX7/toolchain/gcc-arm-none-eabi-4_9-2015q3/bin/../arm-none-eabi/lib/
COLLECT_GCC_OPTIONS='-specs=nosys.specs' '-O3' '-v' '-o' 'cmTC_c27fe'
 /home/aselsan/Desktop/IMX7/toolchain/gcc-arm-none-eabi-4_9-2015q3/bin/../lib/gcc/arm-none-eabi/4.9.3/collect2 -plugin /home/aselsan/Desktop/IMX7/toolchain/gcc-arm-none-eabi-4_9-2015q3/bin/../lib/gcc/arm-none-eabi/4.9.3/liblto_plugin.so -plugin-opt=/home/aselsan/Desktop/IMX7/toolchain/gcc-arm-none-eabi-4_9-2015q3/bin/../lib/gcc/arm-none-eabi/4.9.3/lto-wrapper -plugin-opt=-fresolution=/tmp/ccmrDL9r.res -plugin-opt=-pass-through=-lgcc -plugin-opt=-pass-through=-lc -plugin-opt=-pass-through=-lgcc -plugin-opt=-pass-through=-lc -plugin-opt=-pass-through=-lnosys --sysroot=/home/aselsan/Desktop/IMX7/toolchain/gcc-arm-none-eabi-4_9-2015q3/bin/../arm-none-eabi -X -o cmTC_c27fe /home/aselsan/Desktop/IMX7/toolchain/gcc-arm-none-eabi-4_9-2015q3/bin/../lib/gcc/arm-none-eabi/4.9.3/crti.o /home/aselsan/Desktop/IMX7/toolchain/gcc-arm-none-eabi-4_9-2015q3/bin/../lib/gcc/arm-none-eabi/4.9.3/crtbegin.o /home/aselsan/Desktop/IMX7/toolchain/gcc-arm-none-eabi-4_9-2015q3/bin/../lib/gcc/arm-none-eabi/4.9.3/../../../../arm-none-eabi/lib/crt0.o -L/home/aselsan/Desktop/IMX7/toolchain/gcc-arm-none-eabi-4_9-2015q3/bin/../lib/gcc/arm-none-eabi/4.9.3 -L/home/aselsan/Desktop/IMX7/toolchain/gcc-arm-none-eabi-4_9-2015q3/bin/../lib/gcc -L/home/aselsan/Desktop/IMX7/toolchain/gcc-arm-none-eabi-4_9-2015q3/bin/../lib/gcc/arm-none-eabi/4.9.3/../../../../arm-none-eabi/lib -L/home/aselsan/Desktop/IMX7/toolchain/gcc-arm-none-eabi-4_9-2015q3/bin/../arm-none-eabi/lib CMakeFiles/cmTC_c27fe.dir/CMakeCXXCompilerABI.cpp.obj -lstdc++ -lm --start-group -lgcc -lc --end-group --start-group -lgcc -lc -lnosys --end-group /home/aselsan/Desktop/IMX7/toolchain/gcc-arm-none-eabi-4_9-2015q3/bin/../lib/gcc/arm-none-eabi/4.9.3/crtend.o /home/aselsan/Desktop/IMX7/toolchain/gcc-arm-none-eabi-4_9-2015q3/bin/../lib/gcc/arm-none-eabi/4.9.3/crtn.o
make[1]: Leaving directory '/home/aselsan/Desktop/IMX7/cortex_m4/freeRtos/freertos-colibri-imx7/examples/imx7_colibri_m4/demo_apps/hello_world/armgcc/release/CMakeFiles/CMakeTmp'



Parsed CXX implicit include dir info from above output: rv=done
  found start of include info
  found start of implicit include info
    add: [/home/aselsan/Desktop/IMX7/toolchain/gcc-arm-none-eabi-4_9-2015q3/bin/../lib/gcc/arm-none-eabi/4.9.3/../../../../arm-none-eabi/include/c++/4.9.3]
    add: [/home/aselsan/Desktop/IMX7/toolchain/gcc-arm-none-eabi-4_9-2015q3/bin/../lib/gcc/arm-none-eabi/4.9.3/../../../../arm-none-eabi/include/c++/4.9.3/arm-none-eabi]
    add: [/home/aselsan/Desktop/IMX7/toolchain/gcc-arm-none-eabi-4_9-2015q3/bin/../lib/gcc/arm-none-eabi/4.9.3/../../../../arm-none-eabi/include/c++/4.9.3/backward]
    add: [/home/aselsan/Desktop/IMX7/toolchain/gcc-arm-none-eabi-4_9-2015q3/bin/../lib/gcc/arm-none-eabi/4.9.3/include]
    add: [/home/aselsan/Desktop/IMX7/toolchain/gcc-arm-none-eabi-4_9-2015q3/bin/../lib/gcc/arm-none-eabi/4.9.3/include-fixed]
    add: [/home/aselsan/Desktop/IMX7/toolchain/gcc-arm-none-eabi-4_9-2015q3/bin/../lib/gcc/arm-none-eabi/4.9.3/../../../../arm-none-eabi/include]
  end of search list found
  collapse include dir [/home/aselsan/Desktop/IMX7/toolchain/gcc-arm-none-eabi-4_9-2015q3/bin/../lib/gcc/arm-none-eabi/4.9.3/../../../../arm-none-eabi/include/c++/4.9.3] ==> [/home/aselsan/Desktop/IMX7/toolchain/gcc-arm-none-eabi-4_9-2015q3/arm-none-eabi/include/c++/4.9.3]
  collapse include dir [/home/aselsan/Desktop/IMX7/toolchain/gcc-arm-none-eabi-4_9-2015q3/bin/../lib/gcc/arm-none-eabi/4.9.3/../../../../arm-none-eabi/include/c++/4.9.3/arm-none-eabi] ==> [/home/aselsan/Desktop/IMX7/toolchain/gcc-arm-none-eabi-4_9-2015q3/arm-none-eabi/include/c++/4.9.3/arm-none-eabi]
  collapse include dir [/home/aselsan/Desktop/IMX7/toolchain/gcc-arm-none-eabi-4_9-2015q3/bin/../lib/gcc/arm-none-eabi/4.9.3/../../../../arm-none-eabi/include/c++/4.9.3/backward] ==> [/home/aselsan/Desktop/IMX7/toolchain/gcc-arm-none-eabi-4_9-2015q3/arm-none-eabi/include/c++/4.9.3/backward]
  collapse include dir [/home/aselsan/Desktop/IMX7/toolchain/gcc-arm-none-eabi-4_9-2015q3/bin/../lib/gcc/arm-none-eabi/4.9.3/include] ==> [/home/aselsan/Desktop/IMX7/toolchain/gcc-arm-none-eabi-4_9-2015q3/lib/gcc/arm-none-eabi/4.9.3/include]
  collapse include dir [/home/aselsan/Desktop/IMX7/toolchain/gcc-arm-none-eabi-4_9-2015q3/bin/../lib/gcc/arm-none-eabi/4.9.3/include-fixed] ==> [/home/aselsan/Desktop/IMX7/toolchain/gcc-arm-none-eabi-4_9-2015q3/lib/gcc/arm-none-eabi/4.9.3/include-fixed]
  collapse include dir [/home/aselsan/Desktop/IMX7/toolchain/gcc-arm-none-eabi-4_9-2015q3/bin/../lib/gcc/arm-none-eabi/4.9.3/../../../../arm-none-eabi/include] ==> [/home/aselsan/Desktop/IMX7/toolchain/gcc-arm-none-eabi-4_9-2015q3/arm-none-eabi/include]
  implicit include dirs: [/home/aselsan/Desktop/IMX7/toolchain/gcc-arm-none-eabi-4_9-2015q3/arm-none-eabi/include/c++/4.9.3;/home/aselsan/Desktop/IMX7/toolchain/gcc-arm-none-eabi-4_9-2015q3/arm-none-eabi/include/c++/4.9.3/arm-none-eabi;/home/aselsan/Desktop/IMX7/toolchain/gcc-arm-none-eabi-4_9-2015q3/arm-none-eabi/include/c++/4.9.3/backward;/home/aselsan/Desktop/IMX7/toolchain/gcc-arm-none-eabi-4_9-2015q3/lib/gcc/arm-none-eabi/4.9.3/include;/home/aselsan/Desktop/IMX7/toolchain/gcc-arm-none-eabi-4_9-2015q3/lib/gcc/arm-none-eabi/4.9.3/include-fixed;/home/aselsan/Desktop/IMX7/toolchain/gcc-arm-none-eabi-4_9-2015q3/arm-none-eabi/include]


Parsed CXX implicit link information from above output:
  link line regex: [^( *|.*[/\])(arm-none-eabi-ld|CMAKE_LINK_STARTFILE-NOTFOUND|([^/\]+-)?ld|collect2)[^/\]*( |$)]
  ignore line: [Change Dir: /home/aselsan/Desktop/IMX7/cortex_m4/freeRtos/freertos-colibri-imx7/examples/imx7_colibri_m4/demo_apps/hello_world/armgcc/release/CMakeFiles/CMakeTmp]
  ignore line: []
  ignore line: [Run Build Command(s):/usr/bin/make cmTC_c27fe/fast && /usr/bin/make -f CMakeFiles/cmTC_c27fe.dir/build.make CMakeFiles/cmTC_c27fe.dir/build]
  ignore line: [make[1]: Entering directory '/home/aselsan/Desktop/IMX7/cortex_m4/freeRtos/freertos-colibri-imx7/examples/imx7_colibri_m4/demo_apps/hello_world/armgcc/release/CMakeFiles/CMakeTmp']
  ignore line: [Building CXX object CMakeFiles/cmTC_c27fe.dir/CMakeCXXCompilerABI.cpp.obj]
  ignore line: [/home/aselsan/Desktop/IMX7/toolchain/gcc-arm-none-eabi-4_9-2015q3/bin/arm-none-eabi-g++    --specs=nosys.specs   -O3    -v -o CMakeFiles/cmTC_c27fe.dir/CMakeCXXCompilerABI.cpp.obj -c /usr/share/cmake-3.16/Modules/CMakeCXXCompilerABI.cpp]
  ignore line: [Using built-in specs.]
  ignore line: [Reading specs from /home/aselsan/Desktop/IMX7/toolchain/gcc-arm-none-eabi-4_9-2015q3/bin/../lib/gcc/arm-none-eabi/4.9.3/../../../../arm-none-eabi/lib/nosys.specs]
  ignore line: [rename spec link_gcc_c_sequence to nosys_link_gcc_c_sequence]
  ignore line: [COLLECT_GCC=/home/aselsan/Desktop/IMX7/toolchain/gcc-arm-none-eabi-4_9-2015q3/bin/arm-none-eabi-g++]
  ignore line: [Target: arm-none-eabi]
  ignore line: [Configured with: /home/build/work/GCC-4-9-build/src/gcc/configure --target=arm-none-eabi --prefix=/home/build/work/GCC-4-9-build/install-native --libexecdir=/home/build/work/GCC-4-9-build/install-native/lib --infodir=/home/build/work/GCC-4-9-build/install-native/share/doc/gcc-arm-none-eabi/info --mandir=/home/build/work/GCC-4-9-build/install-native/share/doc/gcc-arm-none-eabi/man --htmldir=/home/build/work/GCC-4-9-build/install-native/share/doc/gcc-arm-none-eabi/html --pdfdir=/home/build/work/GCC-4-9-build/install-native/share/doc/gcc-arm-none-eabi/pdf --enable-languages=c,c++ --enable-plugins --disable-decimal-float --disable-libffi --disable-libgomp --disable-libmudflap --disable-libquadmath --disable-libssp --disable-libstdcxx-pch --disable-nls --disable-shared --disable-threads --disable-tls --with-gnu-as --with-gnu-ld --with-newlib --with-headers=yes --with-python-dir=share/gcc-arm-none-eabi --with-sysroot=/home/build/work/GCC-4-9-build/install-native/arm-none-eabi --build=i686-linux-gnu --host=i686-linux-gnu --with-gmp=/home/build/work/GCC-4-9-build/build-native/host-libs/usr --with-mpfr=/home/build/work/GCC-4-9-build/build-native/host-libs/usr --with-mpc=/home/build/work/GCC-4-9-build/build-native/host-libs/usr --with-isl=/home/build/work/GCC-4-9-build/build-native/host-libs/usr --with-cloog=/home/build/work/GCC-4-9-build/build-native/host-libs/usr --with-libelf=/home/build/work/GCC-4-9-build/build-native/host-libs/usr --with-host-libstdcxx='-static-libgcc -Wl,-Bstatic,-lstdc++,-Bdynamic -lm' --with-pkgversion='GNU Tools for ARM Embedded Processors' --with-multilib-list=armv6-m,armv7-m,armv7e-m,cortex-m7,armv7-r]
  ignore line: [Thread model: single]
  ignore line: [gcc version 4.9.3 20150529 (release) [ARM/embedded-4_9-branch revision 227977] (GNU Tools for ARM Embedded Processors) ]
  ignore line: [COLLECT_GCC_OPTIONS='-specs=nosys.specs' '-O3' '-v' '-o' 'CMakeFiles/cmTC_c27fe.dir/CMakeCXXCompilerABI.cpp.obj' '-c']
  ignore line: [ /home/aselsan/Desktop/IMX7/toolchain/gcc-arm-none-eabi-4_9-2015q3/bin/../lib/gcc/arm-none-eabi/4.9.3/cc1plus -quiet -v -iprefix /home/aselsan/Desktop/IMX7/toolchain/gcc-arm-none-eabi-4_9-2015q3/bin/../lib/gcc/arm-none-eabi/4.9.3/ -isysroot /home/aselsan/Desktop/IMX7/toolchain/gcc-arm-none-eabi-4_9-2015q3/bin/../arm-none-eabi -D__USES_INITFINI__ /usr/share/cmake-3.16/Modules/CMakeCXXCompilerABI.cpp -quiet -dumpbase CMakeCXXCompilerABI.cpp -auxbase-strip CMakeFiles/cmTC_c27fe.dir/CMakeCXXCompilerABI.cpp.obj -O3 -version -o /tmp/ccqufcYp.s]
  ignore line: [GNU C++ (GNU Tools for ARM Embedded Processors) version 4.9.3 20150529 (release) [ARM/embedded-4_9-branch revision 227977] (arm-none-eabi)]
  ignore line: [	compiled by GNU C version 4.7.4  GMP version 4.3.2  MPFR version 2.4.2  MPC version 0.8.1]
  ignore line: [GGC heuristics: --param ggc-min-expand=100 --param ggc-min-heapsize=131072]
  ignore line: [ignoring duplicate directory "/home/aselsan/Desktop/IMX7/toolchain/gcc-arm-none-eabi-4_9-2015q3/bin/../lib/gcc/../../lib/gcc/arm-none-eabi/4.9.3/../../../../arm-none-eabi/include/c++/4.9.3"]
  ignore line: [ignoring duplicate directory "/home/aselsan/Desktop/IMX7/toolchain/gcc-arm-none-eabi-4_9-2015q3/bin/../lib/gcc/../../lib/gcc/arm-none-eabi/4.9.3/../../../../arm-none-eabi/include/c++/4.9.3/arm-none-eabi"]
  ignore line: [ignoring duplicate directory "/home/aselsan/Desktop/IMX7/toolchain/gcc-arm-none-eabi-4_9-2015q3/bin/../lib/gcc/../../lib/gcc/arm-none-eabi/4.9.3/../../../../arm-none-eabi/include/c++/4.9.3/backward"]
  ignore line: [ignoring duplicate directory "/home/aselsan/Desktop/IMX7/toolchain/gcc-arm-none-eabi-4_9-2015q3/bin/../lib/gcc/../../lib/gcc/arm-none-eabi/4.9.3/include"]
  ignore line: [ignoring nonexistent directory "/home/aselsan/Desktop/IMX7/toolchain/gcc-arm-none-eabi-4_9-2015q3/bin/../arm-none-eabi/usr/local/include"]
  ignore line: [ignoring duplicate directory "/home/aselsan/Desktop/IMX7/toolchain/gcc-arm-none-eabi-4_9-2015q3/bin/../lib/gcc/../../lib/gcc/arm-none-eabi/4.9.3/include-fixed"]
  ignore line: [ignoring duplicate directory "/home/aselsan/Desktop/IMX7/toolchain/gcc-arm-none-eabi-4_9-2015q3/bin/../lib/gcc/../../lib/gcc/arm-none-eabi/4.9.3/../../../../arm-none-eabi/include"]
  ignore line: [ignoring nonexistent directory "/home/aselsan/Desktop/IMX7/toolchain/gcc-arm-none-eabi-4_9-2015q3/bin/../arm-none-eabi/usr/include"]
  ignore line: [#include "..." search starts here:]
  ignore line: [#include <...> search starts here:]
  ignore line: [ /home/aselsan/Desktop/IMX7/toolchain/gcc-arm-none-eabi-4_9-2015q3/bin/../lib/gcc/arm-none-eabi/4.9.3/../../../../arm-none-eabi/include/c++/4.9.3]
  ignore line: [ /home/aselsan/Desktop/IMX7/toolchain/gcc-arm-none-eabi-4_9-2015q3/bin/../lib/gcc/arm-none-eabi/4.9.3/../../../../arm-none-eabi/include/c++/4.9.3/arm-none-eabi]
  ignore line: [ /home/aselsan/Desktop/IMX7/toolchain/gcc-arm-none-eabi-4_9-2015q3/bin/../lib/gcc/arm-none-eabi/4.9.3/../../../../arm-none-eabi/include/c++/4.9.3/backward]
  ignore line: [ /home/aselsan/Desktop/IMX7/toolchain/gcc-arm-none-eabi-4_9-2015q3/bin/../lib/gcc/arm-none-eabi/4.9.3/include]
  ignore line: [ /home/aselsan/Desktop/IMX7/toolchain/gcc-arm-none-eabi-4_9-2015q3/bin/../lib/gcc/arm-none-eabi/4.9.3/include-fixed]
  ignore line: [ /home/aselsan/Desktop/IMX7/toolchain/gcc-arm-none-eabi-4_9-2015q3/bin/../lib/gcc/arm-none-eabi/4.9.3/../../../../arm-none-eabi/include]
  ignore line: [End of search list.]
  ignore line: [GNU C++ (GNU Tools for ARM Embedded Processors) version 4.9.3 20150529 (release) [ARM/embedded-4_9-branch revision 227977] (arm-none-eabi)]
  ignore line: [	compiled by GNU C version 4.7.4  GMP version 4.3.2  MPFR version 2.4.2  MPC version 0.8.1]
  ignore line: [GGC heuristics: --param ggc-min-expand=100 --param ggc-min-heapsize=131072]
  ignore line: [Compiler executable checksum: b2a48e419865560d4c520822e41296e7]
  ignore line: [COLLECT_GCC_OPTIONS='-specs=nosys.specs' '-O3' '-v' '-o' 'CMakeFiles/cmTC_c27fe.dir/CMakeCXXCompilerABI.cpp.obj' '-c']
  ignore line: [ /home/aselsan/Desktop/IMX7/toolchain/gcc-arm-none-eabi-4_9-2015q3/bin/../lib/gcc/arm-none-eabi/4.9.3/../../../../arm-none-eabi/bin/as -v -meabi=5 -o CMakeFiles/cmTC_c27fe.dir/CMakeCXXCompilerABI.cpp.obj /tmp/ccqufcYp.s]
  ignore line: [GNU assembler version 2.24.0 (arm-none-eabi) using BFD version (GNU Tools for ARM Embedded Processors) 2.24.0.20150921]
  ignore line: [COMPILER_PATH=/home/aselsan/Desktop/IMX7/toolchain/gcc-arm-none-eabi-4_9-2015q3/bin/../lib/gcc/arm-none-eabi/4.9.3/:/home/aselsan/Desktop/IMX7/toolchain/gcc-arm-none-eabi-4_9-2015q3/bin/../lib/gcc/:/home/aselsan/Desktop/IMX7/toolchain/gcc-arm-none-eabi-4_9-2015q3/bin/../lib/gcc/arm-none-eabi/4.9.3/../../../../arm-none-eabi/bin/]
  ignore line: [LIBRARY_PATH=/home/aselsan/Desktop/IMX7/toolchain/gcc-arm-none-eabi-4_9-2015q3/bin/../lib/gcc/arm-none-eabi/4.9.3/:/home/aselsan/Desktop/IMX7/toolchain/gcc-arm-none-eabi-4_9-2015q3/bin/../lib/gcc/:/home/aselsan/Desktop/IMX7/toolchain/gcc-arm-none-eabi-4_9-2015q3/bin/../lib/gcc/arm-none-eabi/4.9.3/../../../../arm-none-eabi/lib/:/home/aselsan/Desktop/IMX7/toolchain/gcc-arm-none-eabi-4_9-2015q3/bin/../arm-none-eabi/lib/]
  ignore line: [COLLECT_GCC_OPTIONS='-specs=nosys.specs' '-O3' '-v' '-o' 'CMakeFiles/cmTC_c27fe.dir/CMakeCXXCompilerABI.cpp.obj' '-c']
  ignore line: [Linking CXX executable cmTC_c27fe]
  ignore line: [/usr/bin/cmake -E cmake_link_script CMakeFiles/cmTC_c27fe.dir/link.txt --verbose=1]
  ignore line: [/home/aselsan/Desktop/IMX7/toolchain/gcc-arm-none-eabi-4_9-2015q3/bin/arm-none-eabi-g++  --specs=nosys.specs   -O3    -v CMakeFiles/cmTC_c27fe.dir/CMakeCXXCompilerABI.cpp.obj  -o cmTC_c27fe ]
  ignore line: [Using built-in specs.]
  ignore line: [Reading specs from /home/aselsan/Desktop/IMX7/toolchain/gcc-arm-none-eabi-4_9-2015q3/bin/../lib/gcc/arm-none-eabi/4.9.3/../../../../arm-none-eabi/lib/nosys.specs]
  ignore line: [rename spec link_gcc_c_sequence to nosys_link_gcc_c_sequence]
  ignore line: [COLLECT_GCC=/home/aselsan/Desktop/IMX7/toolchain/gcc-arm-none-eabi-4_9-2015q3/bin/arm-none-eabi-g++]
  ignore line: [COLLECT_LTO_WRAPPER=/home/aselsan/Desktop/IMX7/toolchain/gcc-arm-none-eabi-4_9-2015q3/bin/../lib/gcc/arm-none-eabi/4.9.3/lto-wrapper]
  ignore line: [Target: arm-none-eabi]
  ignore line: [Configured with: /home/build/work/GCC-4-9-build/src/gcc/configure --target=arm-none-eabi --prefix=/home/build/work/GCC-4-9-build/install-native --libexecdir=/home/build/work/GCC-4-9-build/install-native/lib --infodir=/home/build/work/GCC-4-9-build/install-native/share/doc/gcc-arm-none-eabi/info --mandir=/home/build/work/GCC-4-9-build/install-native/share/doc/gcc-arm-none-eabi/man --htmldir=/home/build/work/GCC-4-9-build/install-native/share/doc/gcc-arm-none-eabi/html --pdfdir=/home/build/work/GCC-4-9-build/install-native/share/doc/gcc-arm-none-eabi/pdf --enable-languages=c,c++ --enable-plugins --disable-decimal-float --disable-libffi --disable-libgomp --disable-libmudflap --disable-libquadmath --disable-libssp --disable-libstdcxx-pch --disable-nls --disable-shared --disable-threads --disable-tls --with-gnu-as --with-gnu-ld --with-newlib --with-headers=yes --with-python-dir=share/gcc-arm-none-eabi --with-sysroot=/home/build/work/GCC-4-9-build/install-native/arm-none-eabi --build=i686-linux-gnu --host=i686-linux-gnu --with-gmp=/home/build/work/GCC-4-9-build/build-native/host-libs/usr --with-mpfr=/home/build/work/GCC-4-9-build/build-native/host-libs/usr --with-mpc=/home/build/work/GCC-4-9-build/build-native/host-libs/usr --with-isl=/home/build/work/GCC-4-9-build/build-native/host-libs/usr --with-cloog=/home/build/work/GCC-4-9-build/build-native/host-libs/usr --with-libelf=/home/build/work/GCC-4-9-build/build-native/host-libs/usr --with-host-libstdcxx='-static-libgcc -Wl,-Bstatic,-lstdc++,-Bdynamic -lm' --with-pkgversion='GNU Tools for ARM Embedded Processors' --with-multilib-list=armv6-m,armv7-m,armv7e-m,cortex-m7,armv7-r]
  ignore line: [Thread model: single]
  ignore line: [gcc version 4.9.3 20150529 (release) [ARM/embedded-4_9-branch revision 227977] (GNU Tools for ARM Embedded Processors) ]
  ignore line: [COMPILER_PATH=/home/aselsan/Desktop/IMX7/toolchain/gcc-arm-none-eabi-4_9-2015q3/bin/../lib/gcc/arm-none-eabi/4.9.3/:/home/aselsan/Desktop/IMX7/toolchain/gcc-arm-none-eabi-4_9-2015q3/bin/../lib/gcc/:/home/aselsan/Desktop/IMX7/toolchain/gcc-arm-none-eabi-4_9-2015q3/bin/../lib/gcc/arm-none-eabi/4.9.3/../../../../arm-none-eabi/bin/]
  ignore line: [LIBRARY_PATH=/home/aselsan/Desktop/IMX7/toolchain/gcc-arm-none-eabi-4_9-2015q3/bin/../lib/gcc/arm-none-eabi/4.9.3/:/home/aselsan/Desktop/IMX7/toolchain/gcc-arm-none-eabi-4_9-2015q3/bin/../lib/gcc/:/home/aselsan/Desktop/IMX7/toolchain/gcc-arm-none-eabi-4_9-2015q3/bin/../lib/gcc/arm-none-eabi/4.9.3/../../../../arm-none-eabi/lib/:/home/aselsan/Desktop/IMX7/toolchain/gcc-arm-none-eabi-4_9-2015q3/bin/../arm-none-eabi/lib/]
  ignore line: [COLLECT_GCC_OPTIONS='-specs=nosys.specs' '-O3' '-v' '-o' 'cmTC_c27fe']
  link line: [ /home/aselsan/Desktop/IMX7/toolchain/gcc-arm-none-eabi-4_9-2015q3/bin/../lib/gcc/arm-none-eabi/4.9.3/collect2 -plugin /home/aselsan/Desktop/IMX7/toolchain/gcc-arm-none-eabi-4_9-2015q3/bin/../lib/gcc/arm-none-eabi/4.9.3/liblto_plugin.so -plugin-opt=/home/aselsan/Desktop/IMX7/toolchain/gcc-arm-none-eabi-4_9-2015q3/bin/../lib/gcc/arm-none-eabi/4.9.3/lto-wrapper -plugin-opt=-fresolution=/tmp/ccmrDL9r.res -plugin-opt=-pass-through=-lgcc -plugin-opt=-pass-through=-lc -plugin-opt=-pass-through=-lgcc -plugin-opt=-pass-through=-lc -plugin-opt=-pass-through=-lnosys --sysroot=/home/aselsan/Desktop/IMX7/toolchain/gcc-arm-none-eabi-4_9-2015q3/bin/../arm-none-eabi -X -o cmTC_c27fe /home/aselsan/Desktop/IMX7/toolchain/gcc-arm-none-eabi-4_9-2015q3/bin/../lib/gcc/arm-none-eabi/4.9.3/crti.o /home/aselsan/Desktop/IMX7/toolchain/gcc-arm-none-eabi-4_9-2015q3/bin/../lib/gcc/arm-none-eabi/4.9.3/crtbegin.o /home/aselsan/Desktop/IMX7/toolchain/gcc-arm-none-eabi-4_9-2015q3/bin/../lib/gcc/arm-none-eabi/4.9.3/../../../../arm-none-eabi/lib/crt0.o -L/home/aselsan/Desktop/IMX7/toolchain/gcc-arm-none-eabi-4_9-2015q3/bin/../lib/gcc/arm-none-eabi/4.9.3 -L/home/aselsan/Desktop/IMX7/toolchain/gcc-arm-none-eabi-4_9-2015q3/bin/../lib/gcc -L/home/aselsan/Desktop/IMX7/toolchain/gcc-arm-none-eabi-4_9-2015q3/bin/../lib/gcc/arm-none-eabi/4.9.3/../../../../arm-none-eabi/lib -L/home/aselsan/Desktop/IMX7/toolchain/gcc-arm-none-eabi-4_9-2015q3/bin/../arm-none-eabi/lib CMakeFiles/cmTC_c27fe.dir/CMakeCXXCompilerABI.cpp.obj -lstdc++ -lm --start-group -lgcc -lc --end-group --start-group -lgcc -lc -lnosys --end-group /home/aselsan/Desktop/IMX7/toolchain/gcc-arm-none-eabi-4_9-2015q3/bin/../lib/gcc/arm-none-eabi/4.9.3/crtend.o /home/aselsan/Desktop/IMX7/toolchain/gcc-arm-none-eabi-4_9-2015q3/bin/../lib/gcc/arm-none-eabi/4.9.3/crtn.o]
    arg [/home/aselsan/Desktop/IMX7/toolchain/gcc-arm-none-eabi-4_9-2015q3/bin/../lib/gcc/arm-none-eabi/4.9.3/collect2] ==> ignore
    arg [-plugin] ==> ignore
    arg [/home/aselsan/Desktop/IMX7/toolchain/gcc-arm-none-eabi-4_9-2015q3/bin/../lib/gcc/arm-none-eabi/4.9.3/liblto_plugin.so] ==> ignore
    arg [-plugin-opt=/home/aselsan/Desktop/IMX7/toolchain/gcc-arm-none-eabi-4_9-2015q3/bin/../lib/gcc/arm-none-eabi/4.9.3/lto-wrapper] ==> ignore
    arg [-plugin-opt=-fresolution=/tmp/ccmrDL9r.res] ==> ignore
    arg [-plugin-opt=-pass-through=-lgcc] ==> ignore
    arg [-plugin-opt=-pass-through=-lc] ==> ignore
    arg [-plugin-opt=-pass-through=-lgcc] ==> ignore
    arg [-plugin-opt=-pass-through=-lc] ==> ignore
    arg [-plugin-opt=-pass-through=-lnosys] ==> ignore
    arg [--sysroot=/home/aselsan/Desktop/IMX7/toolchain/gcc-arm-none-eabi-4_9-2015q3/bin/../arm-none-eabi] ==> ignore
    arg [-X] ==> ignore
    arg [-o] ==> ignore
    arg [cmTC_c27fe] ==> ignore
    arg [/home/aselsan/Desktop/IMX7/toolchain/gcc-arm-none-eabi-4_9-2015q3/bin/../lib/gcc/arm-none-eabi/4.9.3/crti.o] ==> ignore
    arg [/home/aselsan/Desktop/IMX7/toolchain/gcc-arm-none-eabi-4_9-2015q3/bin/../lib/gcc/arm-none-eabi/4.9.3/crtbegin.o] ==> ignore
    arg [/home/aselsan/Desktop/IMX7/toolchain/gcc-arm-none-eabi-4_9-2015q3/bin/../lib/gcc/arm-none-eabi/4.9.3/../../../../arm-none-eabi/lib/crt0.o] ==> ignore
    arg [-L/home/aselsan/Desktop/IMX7/toolchain/gcc-arm-none-eabi-4_9-2015q3/bin/../lib/gcc/arm-none-eabi/4.9.3] ==> dir [/home/aselsan/Desktop/IMX7/toolchain/gcc-arm-none-eabi-4_9-2015q3/bin/../lib/gcc/arm-none-eabi/4.9.3]
    arg [-L/home/aselsan/Desktop/IMX7/toolchain/gcc-arm-none-eabi-4_9-2015q3/bin/../lib/gcc] ==> dir [/home/aselsan/Desktop/IMX7/toolchain/gcc-arm-none-eabi-4_9-2015q3/bin/../lib/gcc]
    arg [-L/home/aselsan/Desktop/IMX7/toolchain/gcc-arm-none-eabi-4_9-2015q3/bin/../lib/gcc/arm-none-eabi/4.9.3/../../../../arm-none-eabi/lib] ==> dir [/home/aselsan/Desktop/IMX7/toolchain/gcc-arm-none-eabi-4_9-2015q3/bin/../lib/gcc/arm-none-eabi/4.9.3/../../../../arm-none-eabi/lib]
    arg [-L/home/aselsan/Desktop/IMX7/toolchain/gcc-arm-none-eabi-4_9-2015q3/bin/../arm-none-eabi/lib] ==> dir [/home/aselsan/Desktop/IMX7/toolchain/gcc-arm-none-eabi-4_9-2015q3/bin/../arm-none-eabi/lib]
    arg [CMakeFiles/cmTC_c27fe.dir/CMakeCXXCompilerABI.cpp.obj] ==> ignore
    arg [-lstdc++] ==> lib [stdc++]
    arg [-lm] ==> lib [m]
    arg [--start-group] ==> ignore
    arg [-lgcc] ==> lib [gcc]
    arg [-lc] ==> lib [c]
    arg [--end-group] ==> ignore
    arg [--start-group] ==> ignore
    arg [-lgcc] ==> lib [gcc]
    arg [-lc] ==> lib [c]
    arg [-lnosys] ==> lib [nosys]
    arg [--end-group] ==> ignore
    arg [/home/aselsan/Desktop/IMX7/toolchain/gcc-arm-none-eabi-4_9-2015q3/bin/../lib/gcc/arm-none-eabi/4.9.3/crtend.o] ==> ignore
    arg [/home/aselsan/Desktop/IMX7/toolchain/gcc-arm-none-eabi-4_9-2015q3/bin/../lib/gcc/arm-none-eabi/4.9.3/crtn.o] ==> ignore
  collapse library dir [/home/aselsan/Desktop/IMX7/toolchain/gcc-arm-none-eabi-4_9-2015q3/bin/../lib/gcc/arm-none-eabi/4.9.3] ==> [/home/aselsan/Desktop/IMX7/toolchain/gcc-arm-none-eabi-4_9-2015q3/lib/gcc/arm-none-eabi/4.9.3]
  collapse library dir [/home/aselsan/Desktop/IMX7/toolchain/gcc-arm-none-eabi-4_9-2015q3/bin/../lib/gcc] ==> [/home/aselsan/Desktop/IMX7/toolchain/gcc-arm-none-eabi-4_9-2015q3/lib/gcc]
  collapse library dir [/home/aselsan/Desktop/IMX7/toolchain/gcc-arm-none-eabi-4_9-2015q3/bin/../lib/gcc/arm-none-eabi/4.9.3/../../../../arm-none-eabi/lib] ==> [/home/aselsan/Desktop/IMX7/toolchain/gcc-arm-none-eabi-4_9-2015q3/arm-none-eabi/lib]
  collapse library dir [/home/aselsan/Desktop/IMX7/toolchain/gcc-arm-none-eabi-4_9-2015q3/bin/../arm-none-eabi/lib] ==> [/home/aselsan/Desktop/IMX7/toolchain/gcc-arm-none-eabi-4_9-2015q3/arm-none-eabi/lib]
  implicit libs: [stdc++;m;gcc;c;gcc;c;nosys]
  implicit dirs: [/home/aselsan/Desktop/IMX7/toolchain/gcc-arm-none-eabi-4_9-2015q3/lib/gcc/arm-none-eabi/4.9.3;/home/aselsan/Desktop/IMX7/toolchain/gcc-arm-none-eabi-4_9-2015q3/lib/gcc;/home/aselsan/Desktop/IMX7/toolchain/gcc-arm-none-eabi-4_9-2015q3/arm-none-eabi/lib]
  implicit fwks: []




Detecting CXX [-std=c++14] compiler features compiled with the following output:
Change Dir: /home/aselsan/Desktop/IMX7/cortex_m4/freeRtos/freertos-colibri-imx7/examples/imx7_colibri_m4/demo_apps/hello_world/armgcc/release/CMakeFiles/CMakeTmp

Run Build Command(s):/usr/bin/make cmTC_b1dfb/fast && /usr/bin/make -f CMakeFiles/cmTC_b1dfb.dir/build.make CMakeFiles/cmTC_b1dfb.dir/build
make[1]: Entering directory '/home/aselsan/Desktop/IMX7/cortex_m4/freeRtos/freertos-colibri-imx7/examples/imx7_colibri_m4/demo_apps/hello_world/armgcc/release/CMakeFiles/CMakeTmp'
Building CXX object CMakeFiles/cmTC_b1dfb.dir/feature_tests.cxx.obj
/home/aselsan/Desktop/IMX7/toolchain/gcc-arm-none-eabi-4_9-2015q3/bin/arm-none-eabi-g++    --specs=nosys.specs   -O3    -std=c++14 -o CMakeFiles/cmTC_b1dfb.dir/feature_tests.cxx.obj -c /home/aselsan/Desktop/IMX7/cortex_m4/freeRtos/freertos-colibri-imx7/examples/imx7_colibri_m4/demo_apps/hello_world/armgcc/release/CMakeFiles/feature_tests.cxx
Linking CXX executable cmTC_b1dfb
/usr/bin/cmake -E cmake_link_script CMakeFiles/cmTC_b1dfb.dir/link.txt --verbose=1
/home/aselsan/Desktop/IMX7/toolchain/gcc-arm-none-eabi-4_9-2015q3/bin/arm-none-eabi-g++  --specs=nosys.specs   -O3     CMakeFiles/cmTC_b1dfb.dir/feature_tests.cxx.obj  -o cmTC_b1dfb 
make[1]: Leaving directory '/home/aselsan/Desktop/IMX7/cortex_m4/freeRtos/freertos-colibri-imx7/examples/imx7_colibri_m4/demo_apps/hello_world/armgcc/release/CMakeFiles/CMakeTmp'



    Feature record: CXX_FEATURE:1cxx_template_template_parameters
    Feature record: CXX_FEATURE:1cxx_alias_templates
    Feature record: CXX_FEATURE:1cxx_alignas
    Feature record: CXX_FEATURE:1cxx_alignof
    Feature record: CXX_FEATURE:1cxx_attributes
    Feature record: CXX_FEATURE:1cxx_auto_type
    Feature record: CXX_FEATURE:1cxx_constexpr
    Feature record: CXX_FEATURE:1cxx_decltype
    Feature record: CXX_FEATURE:1cxx_decltype_incomplete_return_types
    Feature record: CXX_FEATURE:1cxx_default_function_template_args
    Feature record: CXX_FEATURE:1cxx_defaulted_functions
    Feature record: CXX_FEATURE:1cxx_defaulted_move_initializers
    Feature record: CXX_FEATURE:1cxx_delegating_constructors
    Feature record: CXX_FEATURE:1cxx_deleted_functions
    Feature record: CXX_FEATURE:1cxx_enum_forward_declarations
    Feature record: CXX_FEATURE:1cxx_explicit_conversions
    Feature record: CXX_FEATURE:1cxx_extended_friend_declarations
    Feature record: CXX_FEATURE:1cxx_extern_templates
    Feature record: CXX_FEATURE:1cxx_final
    Feature record: CXX_FEATURE:1cxx_func_identifier
    Feature record: CXX_FEATURE:1cxx_generalized_initializers
    Feature record: CXX_FEATURE:1cxx_inheriting_constructors
    Feature record: CXX_FEATURE:1cxx_inline_namespaces
    Feature record: CXX_FEATURE:1cxx_lambdas
    Feature record: CXX_FEATURE:1cxx_local_type_template_args
    Feature record: CXX_FEATURE:1cxx_long_long_type
    Feature record: CXX_FEATURE:1cxx_noexcept
    Feature record: CXX_FEATURE:1cxx_nonstatic_member_init
    Feature record: CXX_FEATURE:1cxx_nullptr
    Feature record: CXX_FEATURE:1cxx_override
    Feature record: CXX_FEATURE:1cxx_range_for
    Feature record: CXX_FEATURE:1cxx_raw_string_literals
    Feature record: CXX_FEATURE:1cxx_reference_qualified_functions
    Feature record: CXX_FEATURE:1cxx_right_angle_brackets
    Feature record: CXX_FEATURE:1cxx_rvalue_references
    Feature record: CXX_FEATURE:1cxx_sizeof_member
    Feature record: CXX_FEATURE:1cxx_static_assert
    Feature record: CXX_FEATURE:1cxx_strong_enums
    Feature record: CXX_FEATURE:1cxx_thread_local
    Feature record: CXX_FEATURE:1cxx_trailing_return_types
    Feature record: CXX_FEATURE:1cxx_unicode_literals
    Feature record: CXX_FEATURE:1cxx_uniform_initialization
    Feature record: CXX_FEATURE:1cxx_unrestricted_unions
    Feature record: CXX_FEATURE:1cxx_user_literals
    Feature record: CXX_FEATURE:1cxx_variadic_macros
    Feature record: CXX_FEATURE:1cxx_variadic_templates
    Feature record: CXX_FEATURE:0cxx_aggregate_default_initializers
    Feature record: CXX_FEATURE:1cxx_attribute_deprecated
    Feature record: CXX_FEATURE:1cxx_binary_literals
    Feature record: CXX_FEATURE:1cxx_contextual_conversions
    Feature record: CXX_FEATURE:1cxx_decltype_auto
    Feature record: CXX_FEATURE:1cxx_digit_separators
    Feature record: CXX_FEATURE:1cxx_generic_lambdas
    Feature record: CXX_FEATURE:1cxx_lambda_init_captures
    Feature record: CXX_FEATURE:0cxx_relaxed_constexpr
    Feature record: CXX_FEATURE:1cxx_return_type_deduction
    Feature record: CXX_FEATURE:0cxx_variable_templates
Checking whether the ASM compiler is GNU using "--version" matched "(GNU assembler)|(GCC)|(Free Software Foundation)":
arm-none-eabi-gcc (GNU Tools for ARM Embedded Processors) 4.9.3 20150529 (release) [ARM/embedded-4_9-branch revision 227977]
Copyright (C) 2014 Free Software Foundation, Inc.
This is free software; see the source for copying conditions.  There is NO
warranty; not even for MERCHANTABILITY or FITNESS FOR A PARTICULAR PURPOSE.

